<?xml version="1.0" encoding="UTF-8"?>
<!-- Generated by org.testng.reporters.JUnitXMLReporter -->
<testsuite ignored="9" hostname="UNVII" failures="0" tests="0" time="0.0" errors="0" timestamp="2025-08-12T16:30:17 IST">
  <testcase classname="Amuzi.UpdateProfile" name="updateProfileTest" time="0.0">
    <ignored/>
  </testcase> <!-- updateProfileTest -->
  <testcase classname="Amuzi.LoginTestCase" name="withoutLoginSubscriptionButtonisVisible" time="0.0">
    <ignored/>
  </testcase> <!-- withoutLoginSubscriptionButtonisVisible -->
  <testcase classname="Amuzi.LoginTestCase" name="wrongOtpLoginTest" time="0.0">
    <ignored/>
  </testcase> <!-- wrongOtpLoginTest -->
  <testcase classname="Amuzi.LoginTestCase" name="logoutTest" time="0.0">
    <ignored/>
  </testcase> <!-- logoutTest -->
  <testcase classname="Amuzi.LoginTestCase" name="clickwatchnow_userredirect_into_login" time="0.0">
    <ignored/>
  </testcase> <!-- clickwatchnow_userredirect_into_login -->
  <testcase classname="Amuzi.LoginTestCase" name="detailedPageWithoutLoginTest" time="0.0">
    <ignored/>
  </testcase> <!-- detailedPageWithoutLoginTest -->
  <testcase classname="Amuzi.LoginTestCase" name="loginWithMailTest" time="0.0">
    <ignored/>
  </testcase> <!-- loginWithMailTest -->
  <testcase classname="Amuzi.LoginTestCase" name="loginWithwrongMailTest" time="0.0">
    <ignored/>
  </testcase> <!-- loginWithwrongMailTest -->
  <testcase classname="Amuzi.LoginTestCase" name="loginWithPhoneNumber" time="0.0">
    <ignored/>
  </testcase> <!-- loginWithPhoneNumber -->
</testsuite>
