<?xml version="1.0" encoding="UTF-8"?>
<!-- Generated by org.testng.reporters.JUnitXMLReporter -->
<testsuite ignored="23" hostname="UNVII" failures="0" tests="1" name="Count Total Number of video in HomePage" time="19.225" errors="0" timestamp="2025-08-11T17:43:38 IST">
  <testcase classname="Amuzi.CommonTestCase" name="countTotalVideosWithNames" time="10.054"/>
  <testcase classname="Amuzi.Footer" name="ApplestoreButtonTest" time="0.0">
    <ignored/>
  </testcase> <!-- ApplestoreButtonTest -->
  <testcase classname="Amuzi.LoginTestCase" name="clickwatchnow_userredirect_into_login" time="0.0">
    <ignored/>
  </testcase> <!-- clickwatchnow_userredirect_into_login -->
  <testcase classname="Amuzi.LoginTestCase" name="detailedPageWithoutLoginTest" time="0.0">
    <ignored/>
  </testcase> <!-- detailedPageWithoutLoginTest -->
  <testcase classname="Amuzi.Footer" name="playstore" time="0.0">
    <ignored/>
  </testcase> <!-- playstore -->
  <testcase classname="Amuzi.CommonTestCase" name="verifyurl" time="0.0">
    <ignored/>
  </testcase> <!-- verifyurl -->
  <testcase classname="Amuzi.CommonTestCase" name="filterButtonClickTest" time="0.0">
    <ignored/>
  </testcase> <!-- filterButtonClickTest -->
  <testcase classname="Amuzi.UpdateProfile" name="updateProfileTest" time="0.0">
    <ignored/>
  </testcase> <!-- updateProfileTest -->
  <testcase classname="Amuzi.CommonTestCase" name="LanguageButton" time="0.0">
    <ignored/>
  </testcase> <!-- LanguageButton -->
  <testcase classname="Amuzi.LoginTestCase" name="loginWithwrongMailTest" time="0.0">
    <ignored/>
  </testcase> <!-- loginWithwrongMailTest -->
  <testcase classname="Amuzi.Footer" name="footerTermsAndConditionsTest" time="0.0">
    <ignored/>
  </testcase> <!-- footerTermsAndConditionsTest -->
  <testcase classname="Amuzi.LoginTestCase" name="withoutLoginSubscriptionButtonisVisible" time="0.0">
    <ignored/>
  </testcase> <!-- withoutLoginSubscriptionButtonisVisible -->
  <testcase classname="Amuzi.PlayerTestCase" name="playVideoTest" time="0.0">
    <ignored/>
  </testcase> <!-- playVideoTest -->
  <testcase classname="Amuzi.CommonTestCase" name="verifyCurrentUrlTest" time="0.0">
    <ignored/>
  </testcase> <!-- verifyCurrentUrlTest -->
  <testcase classname="Amuzi.LoginTestCase" name="logoutTest" time="0.0">
    <ignored/>
  </testcase> <!-- logoutTest -->
  <testcase classname="Amuzi.LoginTestCase" name="wrongOtpLoginTest" time="0.0">
    <ignored/>
  </testcase> <!-- wrongOtpLoginTest -->
  <testcase classname="Amuzi.LoginTestCase" name="loginWithPhoneNumber" time="0.0">
    <ignored/>
  </testcase> <!-- loginWithPhoneNumber -->
  <testcase classname="Amuzi.CommonTestCase" name="Banner_is_visible" time="0.0">
    <ignored/>
  </testcase> <!-- Banner_is_visible -->
  <testcase classname="Amuzi.CommonTestCase" name="checkAlllanguageIsvisible" time="0.0">
    <ignored/>
  </testcase> <!-- checkAlllanguageIsvisible -->
  <testcase classname="Amuzi.ViewAllTestCase" name="viewAllTest" time="0.0">
    <ignored/>
  </testcase> <!-- viewAllTest -->
  <testcase classname="Amuzi.CommonTestCase" name="checkNoofBannerpresendInHomepage" time="0.0">
    <ignored/>
  </testcase> <!-- checkNoofBannerpresendInHomepage -->
  <testcase classname="Amuzi.CommonTestCase" name="checkTagname" time="0.0">
    <ignored/>
  </testcase> <!-- checkTagname -->
  <testcase classname="Amuzi.LoginTestCase" name="loginWithMailTest" time="0.0">
    <ignored/>
  </testcase> <!-- loginWithMailTest -->
  <testcase classname="Amuzi.CommonTestCase" name="Validate_No_Data_message_is_visible" time="0.0">
    <ignored/>
  </testcase> <!-- Validate_No_Data_message_is_visible -->
</testsuite> <!-- Count Total Number of video in HomePage -->
