<?xml version="1.0" encoding="UTF-8"?>
<!-- Generated by org.testng.reporters.JUnitXMLReporter -->
<testsuite ignored="26" hostname="UNVII" failures="0" tests="1" name="Filter Button Check" time="24.257" errors="0" timestamp="2025-07-29T11:15:59 IST">
  <testcase classname="Chull.TestCase" name="filterValuesTest" time="20.327"/>
  <testcase classname="Chull.TestCase" name="checkTagname" time="0.0">
    <ignored/>
  </testcase> <!-- checkTagname -->
  <testcase classname="Chull.TestCase" name="footerTermsAndConditionsTest" time="0.0">
    <ignored/>
  </testcase> <!-- footerTermsAndConditionsTest -->
  <testcase classname="Chull.TestCase" name="playVideoTest" time="0.0">
    <ignored/>
  </testcase> <!-- playVideoTest -->
  <testcase classname="Chull.TestCase" name="logoutTest" time="0.0">
    <ignored/>
  </testcase> <!-- logoutTest -->
  <testcase classname="Chull.TestCase" name="checkRelatedvideo" time="0.0">
    <ignored/>
  </testcase> <!-- checkRelatedvideo -->
  <testcase classname="Chull.TestCase" name="checkUserBuySubscription" time="0.0">
    <ignored/>
  </testcase> <!-- checkUserBuySubscription -->
  <testcase classname="Chull.TestCase" name="searchVideoTest" time="0.0">
    <ignored/>
  </testcase> <!-- searchVideoTest -->
  <testcase classname="Chull.TestCase" name="verifyurl" time="0.0">
    <ignored/>
  </testcase> <!-- verifyurl -->
  <testcase classname="Chull.TestCase" name="withoutLoginSubscriptionButtonisVisible" time="0.0">
    <ignored/>
  </testcase> <!-- withoutLoginSubscriptionButtonisVisible -->
  <testcase classname="Chull.TestCase" name="filterButtonClickTest" time="0.0">
    <ignored/>
  </testcase> <!-- filterButtonClickTest -->
  <testcase classname="Chull.TestCase" name="buyRentVideoTest" time="0.0">
    <ignored/>
  </testcase> <!-- buyRentVideoTest -->
  <testcase classname="Chull.TestCase" name="loginWithPhoneNumber" time="0.0">
    <ignored/>
  </testcase> <!-- loginWithPhoneNumber -->
  <testcase classname="Chull.TestCase" name="subscription" time="0.0">
    <ignored/>
  </testcase> <!-- subscription -->
  <testcase classname="Chull.TestCase" name="viewAllTest" time="0.0">
    <ignored/>
  </testcase> <!-- viewAllTest -->
  <testcase classname="Chull.TestCase" name="verifyCurrentUrlTest" time="0.0">
    <ignored/>
  </testcase> <!-- verifyCurrentUrlTest -->
  <testcase classname="Chull.TestCase" name="Banner_is_visible" time="0.0">
    <ignored/>
  </testcase> <!-- Banner_is_visible -->
  <testcase classname="Chull.TestCase" name="check_SubscriptionisVisible" time="0.0">
    <ignored/>
  </testcase> <!-- check_SubscriptionisVisible -->
  <testcase classname="Chull.TestCase" name="updateProfileTest" time="0.0">
    <ignored/>
  </testcase> <!-- updateProfileTest -->
  <testcase classname="Chull.TestCase" name="wrongOtpLoginTest" time="0.0">
    <ignored/>
  </testcase> <!-- wrongOtpLoginTest -->
  <testcase classname="Chull.TestCase" name="loginWithMailTest" time="0.0">
    <ignored/>
  </testcase> <!-- loginWithMailTest -->
  <testcase classname="Chull.TestCase" name="countTotalVideosWithNames" time="0.0">
    <ignored/>
  </testcase> <!-- countTotalVideosWithNames -->
  <testcase classname="Chull.TestCase" name="detailedPageWithoutLoginTest" time="0.0">
    <ignored/>
  </testcase> <!-- detailedPageWithoutLoginTest -->
  <testcase classname="Chull.TestCase" name="ApplestoreButtonTest" time="0.0">
    <ignored/>
  </testcase> <!-- ApplestoreButtonTest -->
  <testcase classname="Chull.TestCase" name="verifyPopupIsVisibleuserBuysubscription" time="0.0">
    <ignored/>
  </testcase> <!-- verifyPopupIsVisibleuserBuysubscription -->
  <testcase classname="Chull.TestCase" name="playstore" time="0.0">
    <ignored/>
  </testcase> <!-- playstore -->
  <testcase classname="Chull.TestCase" name="watchlist" time="0.0">
    <ignored/>
  </testcase> <!-- watchlist -->
</testsuite> <!-- Filter Button Check -->
