<?xml version="1.0" encoding="UTF-8"?>
<!-- Generated by org.testng.reporters.JUnitXMLReporter -->
<testsuite ignored="7" hostname="UNVII" failures="0" tests="1" name="Login with wrong Mail Id" time="6.848" errors="0" timestamp="2025-08-11T17:42:27 IST">
  <testcase classname="Amuzi.LoginTestCase" name="loginWithwrongMailTest" time="3.61"/>
  <testcase classname="Amuzi.LoginTestCase" name="withoutLoginSubscriptionButtonisVisible" time="0.0">
    <ignored/>
  </testcase> <!-- withoutLoginSubscriptionButtonisVisible -->
  <testcase classname="Amuzi.LoginTestCase" name="loginWithPhoneNumber" time="0.0">
    <ignored/>
  </testcase> <!-- loginWithPhoneNumber -->
  <testcase classname="Amuzi.LoginTestCase" name="detailedPageWithoutLoginTest" time="0.0">
    <ignored/>
  </testcase> <!-- detailedPageWithoutLoginTest -->
  <testcase classname="Amuzi.LoginTestCase" name="clickwatchnow_userredirect_into_login" time="0.0">
    <ignored/>
  </testcase> <!-- clickwatchnow_userredirect_into_login -->
  <testcase classname="Amuzi.LoginTestCase" name="loginWithMailTest" time="0.0">
    <ignored/>
  </testcase> <!-- loginWithMailTest -->
  <testcase classname="Amuzi.LoginTestCase" name="logoutTest" time="0.0">
    <ignored/>
  </testcase> <!-- logoutTest -->
  <testcase classname="Amuzi.LoginTestCase" name="wrongOtpLoginTest" time="0.0">
    <ignored/>
  </testcase> <!-- wrongOtpLoginTest -->
</testsuite> <!-- Login with wrong Mail Id -->
