<?xml version="1.0" encoding="UTF-8"?>
<!-- Generated by org.testng.reporters.JUnitXMLReporter -->
<testsuite ignored="14" hostname="UNVII" failures="0" tests="1" name="Validate ViewAll Button is workable" time="22.224" errors="0" timestamp="2025-08-12T16:30:57 IST">
  <testcase classname="Amuzi.ViewAllTestCase" name="viewAllTest" time="17.803"/>
  <testcase classname="Amuzi.LoginTestCase" name="withoutLoginSubscriptionButtonisVisible" time="0.0">
    <ignored/>
  </testcase> <!-- withoutLoginSubscriptionButtonisVisible -->
  <testcase classname="Amuzi.Footer" name="footerTermsAndConditionsTest" time="0.0">
    <ignored/>
  </testcase> <!-- footerTermsAndConditionsTest -->
  <testcase classname="Amuzi.LoginTestCase" name="wrongOtpLoginTest" time="0.0">
    <ignored/>
  </testcase> <!-- wrongOtpLoginTest -->
  <testcase classname="Amuzi.LoginTestCase" name="loginWithMailTest" time="0.0">
    <ignored/>
  </testcase> <!-- loginWithMailTest -->
  <testcase classname="Amuzi.LoginTestCase" name="logoutTest" time="0.0">
    <ignored/>
  </testcase> <!-- logoutTest -->
  <testcase classname="Amuzi.LoginTestCase" name="loginWithPhoneNumber" time="0.0">
    <ignored/>
  </testcase> <!-- loginWithPhoneNumber -->
  <testcase classname="Amuzi.UpdateProfile" name="updateProfileTest" time="0.0">
    <ignored/>
  </testcase> <!-- updateProfileTest -->
  <testcase classname="Amuzi.Footer" name="playstore" time="0.0">
    <ignored/>
  </testcase> <!-- playstore -->
  <testcase classname="Amuzi.PlayerTestCase" name="checkRelatedvideo" time="0.0">
    <ignored/>
  </testcase> <!-- checkRelatedvideo -->
  <testcase classname="Amuzi.LoginTestCase" name="clickwatchnow_userredirect_into_login" time="0.0">
    <ignored/>
  </testcase> <!-- clickwatchnow_userredirect_into_login -->
  <testcase classname="Amuzi.LoginTestCase" name="detailedPageWithoutLoginTest" time="0.0">
    <ignored/>
  </testcase> <!-- detailedPageWithoutLoginTest -->
  <testcase classname="Amuzi.PlayerTestCase" name="playVideoTest" time="0.0">
    <ignored/>
  </testcase> <!-- playVideoTest -->
  <testcase classname="Amuzi.LoginTestCase" name="loginWithwrongMailTest" time="0.0">
    <ignored/>
  </testcase> <!-- loginWithwrongMailTest -->
  <testcase classname="Amuzi.Footer" name="ApplestoreButtonTest" time="0.0">
    <ignored/>
  </testcase> <!-- ApplestoreButtonTest -->
</testsuite> <!-- Validate ViewAll Button is workable -->
