<?xml version="1.0" encoding="UTF-8"?>
<!-- Generated by org.testng.reporters.JUnitXMLReporter -->
<testsuite ignored="23" hostname="UNVII" failures="1" tests="1" name="Verify the url of Amuzi" time="4.149" errors="0" timestamp="2025-08-11T17:43:19 IST">
  <testcase classname="Amuzi.CommonTestCase" name="verifyurl" time="0.03">
    <failure type="java.lang.AssertionError" message="Passed expected [https://chull.tv/] but found [https://amuzi.in/]">
      <![CDATA[java.lang.AssertionError: Passed expected [https://chull.tv/] but found [https://amuzi.in/]
at Amuzi.CommonTestCase.verifyurl(CommonTestCase.java:38)
at java.base/java.util.concurrent.Executors$RunnableAdapter.call(Executors.java:572)
at java.base/java.util.concurrent.FutureTask.run(FutureTask.java:317)
at java.base/java.util.concurrent.ThreadPoolExecutor.runWorker(ThreadPoolExecutor.java:1144)
at java.base/java.util.concurrent.ThreadPoolExecutor$Worker.run(ThreadPoolExecutor.java:642)
at java.base/java.lang.Thread.run(Thread.java:1575)
... Removed 16 stack frames]]>
    </failure>
  </testcase> <!-- verifyurl -->
  <testcase classname="Amuzi.CommonTestCase" name="checkAlllanguageIsvisible" time="0.0">
    <ignored/>
  </testcase> <!-- checkAlllanguageIsvisible -->
  <testcase classname="Amuzi.CommonTestCase" name="Validate_No_Data_message_is_visible" time="0.0">
    <ignored/>
  </testcase> <!-- Validate_No_Data_message_is_visible -->
  <testcase classname="Amuzi.CommonTestCase" name="LanguageButton" time="0.0">
    <ignored/>
  </testcase> <!-- LanguageButton -->
  <testcase classname="Amuzi.ViewAllTestCase" name="viewAllTest" time="0.0">
    <ignored/>
  </testcase> <!-- viewAllTest -->
  <testcase classname="Amuzi.Footer" name="ApplestoreButtonTest" time="0.0">
    <ignored/>
  </testcase> <!-- ApplestoreButtonTest -->
  <testcase classname="Amuzi.LoginTestCase" name="withoutLoginSubscriptionButtonisVisible" time="0.0">
    <ignored/>
  </testcase> <!-- withoutLoginSubscriptionButtonisVisible -->
  <testcase classname="Amuzi.LoginTestCase" name="wrongOtpLoginTest" time="0.0">
    <ignored/>
  </testcase> <!-- wrongOtpLoginTest -->
  <testcase classname="Amuzi.CommonTestCase" name="filterButtonClickTest" time="0.0">
    <ignored/>
  </testcase> <!-- filterButtonClickTest -->
  <testcase classname="Amuzi.CommonTestCase" name="checkNoofBannerpresendInHomepage" time="0.0">
    <ignored/>
  </testcase> <!-- checkNoofBannerpresendInHomepage -->
  <testcase classname="Amuzi.CommonTestCase" name="verifyCurrentUrlTest" time="0.0">
    <ignored/>
  </testcase> <!-- verifyCurrentUrlTest -->
  <testcase classname="Amuzi.LoginTestCase" name="detailedPageWithoutLoginTest" time="0.0">
    <ignored/>
  </testcase> <!-- detailedPageWithoutLoginTest -->
  <testcase classname="Amuzi.LoginTestCase" name="clickwatchnow_userredirect_into_login" time="0.0">
    <ignored/>
  </testcase> <!-- clickwatchnow_userredirect_into_login -->
  <testcase classname="Amuzi.LoginTestCase" name="loginWithMailTest" time="0.0">
    <ignored/>
  </testcase> <!-- loginWithMailTest -->
  <testcase classname="Amuzi.LoginTestCase" name="logoutTest" time="0.0">
    <ignored/>
  </testcase> <!-- logoutTest -->
  <testcase classname="Amuzi.PlayerTestCase" name="playVideoTest" time="0.0">
    <ignored/>
  </testcase> <!-- playVideoTest -->
  <testcase classname="Amuzi.LoginTestCase" name="loginWithPhoneNumber" time="0.0">
    <ignored/>
  </testcase> <!-- loginWithPhoneNumber -->
  <testcase classname="Amuzi.LoginTestCase" name="loginWithwrongMailTest" time="0.0">
    <ignored/>
  </testcase> <!-- loginWithwrongMailTest -->
  <testcase classname="Amuzi.CommonTestCase" name="countTotalVideosWithNames" time="0.0">
    <ignored/>
  </testcase> <!-- countTotalVideosWithNames -->
  <testcase classname="Amuzi.CommonTestCase" name="checkTagname" time="0.0">
    <ignored/>
  </testcase> <!-- checkTagname -->
  <testcase classname="Amuzi.Footer" name="playstore" time="0.0">
    <ignored/>
  </testcase> <!-- playstore -->
  <testcase classname="Amuzi.UpdateProfile" name="updateProfileTest" time="0.0">
    <ignored/>
  </testcase> <!-- updateProfileTest -->
  <testcase classname="Amuzi.Footer" name="footerTermsAndConditionsTest" time="0.0">
    <ignored/>
  </testcase> <!-- footerTermsAndConditionsTest -->
  <testcase classname="Amuzi.CommonTestCase" name="Banner_is_visible" time="0.0">
    <ignored/>
  </testcase> <!-- Banner_is_visible -->
</testsuite> <!-- Verify the url of Amuzi -->
