<?xml version="1.0" encoding="UTF-8"?>
<testsuite xmlns:xsi="http://www.w3.org/2001/XMLSchema-instance" xsi:noNamespaceSchemaLocation="https://maven.apache.org/surefire/maven-surefire-plugin/xsd/surefire-test-report-3.0.xsd" version="3.0" name="TestSuite" time="879.095" tests="32" errors="0" skipped="0" failures="4">
  <properties>
[...]
</properties>
  <testcase name="loginWithMailTest" classname="Chull.TestCase" time="3.21">
    <system-err><![CDATA[SLF4J(W): No SLF4J providers were found.
SLF4J(W): Defaulting to no-operation (NOP) logger implementation
SLF4J(W): See https://www.slf4j.org/codes.html#noProviders for further details.
Jul 29, 2025 11:11:49 AM org.openqa.selenium.devtools.CdpVersionFinder findNearestMatch
WARNING: Unable to find an exact match for CDP version 138, returning the closest version; found: 137; Please update to a Selenium version that supports CDP version 138
]]></system-err>
  </testcase>
  <testcase name="loginWithPhoneNumber" classname="Chull.TestCase" time="9.13">
    <system-err><![CDATA[Jul 29, 2025 11:12:25 AM org.openqa.selenium.devtools.CdpVersionFinder findNearestMatch
WARNING: Unable to find an exact match for CDP version 138, returning the closest version; found: 137; Please update to a Selenium version that supports CDP version 138
]]></system-err>
  </testcase>
  <testcase name="verifyCurrentUrlTest" classname="Chull.TestCase" time="0.034">
    <system-out><![CDATA[True 
]]></system-out>
    <system-err><![CDATA[Jul 29, 2025 11:12:39 AM org.openqa.selenium.devtools.CdpVersionFinder findNearestMatch
WARNING: Unable to find an exact match for CDP version 138, returning the closest version; found: 137; Please update to a Selenium version that supports CDP version 138
]]></system-err>
  </testcase>
  <testcase name="updateProfileTest" classname="Chull.TestCase" time="14.1">
    <system-err><![CDATA[Jul 29, 2025 11:12:43 AM org.openqa.selenium.devtools.CdpVersionFinder findNearestMatch
WARNING: Unable to find an exact match for CDP version 138, returning the closest version; found: 137; Please update to a Selenium version that supports CDP version 138
]]></system-err>
  </testcase>
  <testcase name="searchVideoTest" classname="Chull.TestCase" time="29.877">
    <failure message="no such element: Unable to locate element: {&quot;method&quot;:&quot;xpath&quot;,&quot;selector&quot;:&quot;//img[@class=&quot;img-top&quot;]&quot;}&#10;  (Session info: chrome=138.0.7204.169)&#10;For documentation on this error, please visit: https://www.selenium.dev/documentation/webdriver/troubleshooting/errors#no-such-element-exception&#10;Build info: version: &apos;4.33.0&apos;, revision: &apos;2c6aaad03a&apos;&#10;System info: os.name: &apos;Windows 11&apos;, os.arch: &apos;amd64&apos;, os.version: &apos;10.0&apos;, java.version: &apos;17.0.12&apos;&#10;Driver info: org.openqa.selenium.chrome.ChromeDriver&#10;Command: [7c81deed8068089ba8786beb5d0a6f40, findElement {using=xpath, value=//img[@class=&quot;img-top&quot;]}]&#10;Capabilities {acceptInsecureCerts: false, browserName: chrome, browserVersion: 138.0.7204.169, chrome: {chromedriverVersion: 138.0.7204.168 (3e8d82e86e9..., userDataDir: C:\WINDOWS\SystemTemp\scope...}, fedcm:accounts: true, goog:chromeOptions: {debuggerAddress: localhost:61281}, networkConnectionEnabled: false, pageLoadStrategy: normal, platformName: windows, proxy: Proxy(), se:cdp: ws://localhost:61281/devtoo..., se:cdpVersion: 138.0.7204.169, setWindowRect: true, strictFileInteractability: false, timeouts: {implicit: 0, pageLoad: 300000, script: 30000}, unhandledPromptBehavior: dismiss and notify, webauthn:extension:credBlob: true, webauthn:extension:largeBlob: true, webauthn:extension:minPinLength: true, webauthn:extension:prf: true, webauthn:virtualAuthenticators: true}&#10;Session ID: 7c81deed8068089ba8786beb5d0a6f40" type="org.openqa.selenium.NoSuchElementException"><![CDATA[org.openqa.selenium.NoSuchElementException: 
no such element: Unable to locate element: {"method":"xpath","selector":"//img[@class="img-top"]"}
  (Session info: chrome=138.0.7204.169)
For documentation on this error, please visit: https://www.selenium.dev/documentation/webdriver/troubleshooting/errors#no-such-element-exception
Build info: version: '4.33.0', revision: '2c6aaad03a'
System info: os.name: 'Windows 11', os.arch: 'amd64', os.version: '10.0', java.version: '17.0.12'
Driver info: org.openqa.selenium.chrome.ChromeDriver
Command: [7c81deed8068089ba8786beb5d0a6f40, findElement {using=xpath, value=//img[@class="img-top"]}]
Capabilities {acceptInsecureCerts: false, browserName: chrome, browserVersion: 138.0.7204.169, chrome: {chromedriverVersion: 138.0.7204.168 (3e8d82e86e9..., userDataDir: C:\WINDOWS\SystemTemp\scope...}, fedcm:accounts: true, goog:chromeOptions: {debuggerAddress: localhost:61281}, networkConnectionEnabled: false, pageLoadStrategy: normal, platformName: windows, proxy: Proxy(), se:cdp: ws://localhost:61281/devtoo..., se:cdpVersion: 138.0.7204.169, setWindowRect: true, strictFileInteractability: false, timeouts: {implicit: 0, pageLoad: 300000, script: 30000}, unhandledPromptBehavior: dismiss and notify, webauthn:extension:credBlob: true, webauthn:extension:largeBlob: true, webauthn:extension:minPinLength: true, webauthn:extension:prf: true, webauthn:virtualAuthenticators: true}
Session ID: 7c81deed8068089ba8786beb5d0a6f40
	at java.base/jdk.internal.reflect.NativeConstructorAccessorImpl.newInstance0(Native Method)
	at java.base/jdk.internal.reflect.NativeConstructorAccessorImpl.newInstance(NativeConstructorAccessorImpl.java:77)
	at java.base/jdk.internal.reflect.DelegatingConstructorAccessorImpl.newInstance(DelegatingConstructorAccessorImpl.java:45)
	at java.base/java.lang.reflect.Constructor.newInstanceWithCaller(Constructor.java:499)
	at java.base/java.lang.reflect.Constructor.newInstance(Constructor.java:480)
	at org.openqa.selenium.remote.ErrorCodec.decode(ErrorCodec.java:167)
	at org.openqa.selenium.remote.codec.w3c.W3CHttpResponseCodec.decode(W3CHttpResponseCodec.java:138)
	at org.openqa.selenium.remote.codec.w3c.W3CHttpResponseCodec.decode(W3CHttpResponseCodec.java:50)
	at org.openqa.selenium.remote.HttpCommandExecutor.execute(HttpCommandExecutor.java:215)
	at org.openqa.selenium.remote.service.DriverCommandExecutor.invokeExecute(DriverCommandExecutor.java:216)
	at org.openqa.selenium.remote.service.DriverCommandExecutor.execute(DriverCommandExecutor.java:174)
	at org.openqa.selenium.remote.RemoteWebDriver.execute(RemoteWebDriver.java:544)
	at org.openqa.selenium.remote.ElementLocation$ElementFinder$2.findElement(ElementLocation.java:165)
	at org.openqa.selenium.remote.ElementLocation.findElement(ElementLocation.java:59)
	at org.openqa.selenium.remote.RemoteWebDriver.findElement(RemoteWebDriver.java:367)
	at org.openqa.selenium.remote.RemoteWebDriver.findElement(RemoteWebDriver.java:361)
	at Chull.TestCase.searchVideoTest(TestCase.java:150)
	at java.base/jdk.internal.reflect.NativeMethodAccessorImpl.invoke0(Native Method)
	at java.base/jdk.internal.reflect.NativeMethodAccessorImpl.invoke(NativeMethodAccessorImpl.java:77)
	at java.base/jdk.internal.reflect.DelegatingMethodAccessorImpl.invoke(DelegatingMethodAccessorImpl.java:43)
	at java.base/java.lang.reflect.Method.invoke(Method.java:568)
	at org.testng.internal.invokers.MethodInvocationHelper.invokeMethod(MethodInvocationHelper.java:141)
	at org.testng.internal.invokers.TestInvoker.invokeMethod(TestInvoker.java:687)
	at org.testng.internal.invokers.TestInvoker.invokeTestMethod(TestInvoker.java:230)
	at org.testng.internal.invokers.MethodRunner.runInSequence(MethodRunner.java:63)
	at org.testng.internal.invokers.TestInvoker$MethodInvocationAgent.invoke(TestInvoker.java:995)
	at org.testng.internal.invokers.TestInvoker.invokeTestMethods(TestInvoker.java:203)
	at org.testng.internal.invokers.TestMethodWorker.invokeTestMethods(TestMethodWorker.java:154)
	at org.testng.internal.invokers.TestMethodWorker.run(TestMethodWorker.java:134)
	at java.base/java.util.concurrent.Executors$RunnableAdapter.call(Executors.java:539)
	at java.base/java.util.concurrent.FutureTask.run(FutureTask.java:264)
	at org.testng.internal.thread.graph.TestNGFutureTask.run(TestNGFutureTask.java:22)
	at java.base/java.util.concurrent.ThreadPoolExecutor.runWorker(ThreadPoolExecutor.java:1136)
	at java.base/java.util.concurrent.ThreadPoolExecutor$Worker.run(ThreadPoolExecutor.java:635)
	at java.base/java.lang.Thread.run(Thread.java:842)
]]></failure>
    <system-err><![CDATA[Jul 29, 2025 11:13:01 AM org.openqa.selenium.devtools.CdpVersionFinder findNearestMatch
WARNING: Unable to find an exact match for CDP version 138, returning the closest version; found: 137; Please update to a Selenium version that supports CDP version 138
]]></system-err>
  </testcase>
  <testcase name="wrongOtpLoginTest" classname="Chull.TestCase" time="7.237">
    <system-out><![CDATA[Verify OTP
]]></system-out>
    <system-err><![CDATA[Jul 29, 2025 11:13:35 AM org.openqa.selenium.devtools.CdpVersionFinder findNearestMatch
WARNING: Unable to find an exact match for CDP version 138, returning the closest version; found: 137; Please update to a Selenium version that supports CDP version 138
]]></system-err>
  </testcase>
  <testcase name="playVideoTest" classname="Chull.TestCase" time="22.99">
    <failure message="Expected condition failed: waiting for element to be clickable: By.xpath: //img[@alt=&apos;Love kills&apos;] (tried for 20 second(s) with 500 milliseconds interval)&#10;Build info: version: &apos;4.33.0&apos;, revision: &apos;2c6aaad03a&apos;&#10;System info: os.name: &apos;Windows 11&apos;, os.arch: &apos;amd64&apos;, os.version: &apos;10.0&apos;, java.version: &apos;17.0.12&apos;&#10;Driver info: org.openqa.selenium.chrome.ChromeDriver&#10;Capabilities {acceptInsecureCerts: false, browserName: chrome, browserVersion: 138.0.7204.169, chrome: {chromedriverVersion: 138.0.7204.168 (3e8d82e86e9..., userDataDir: C:\WINDOWS\SystemTemp\scope...}, fedcm:accounts: true, goog:chromeOptions: {debuggerAddress: localhost:61451}, networkConnectionEnabled: false, pageLoadStrategy: normal, platformName: windows, proxy: Proxy(), se:cdp: ws://localhost:61451/devtoo..., se:cdpVersion: 138.0.7204.169, setWindowRect: true, strictFileInteractability: false, timeouts: {implicit: 0, pageLoad: 300000, script: 30000}, unhandledPromptBehavior: dismiss and notify, webauthn:extension:credBlob: true, webauthn:extension:largeBlob: true, webauthn:extension:minPinLength: true, webauthn:extension:prf: true, webauthn:virtualAuthenticators: true}&#10;Session ID: 4cf99f07ab5e62a829d52b6d21f2812b" type="org.openqa.selenium.TimeoutException"><![CDATA[org.openqa.selenium.TimeoutException: 
Expected condition failed: waiting for element to be clickable: By.xpath: //img[@alt='Love kills'] (tried for 20 second(s) with 500 milliseconds interval)
Build info: version: '4.33.0', revision: '2c6aaad03a'
System info: os.name: 'Windows 11', os.arch: 'amd64', os.version: '10.0', java.version: '17.0.12'
Driver info: org.openqa.selenium.chrome.ChromeDriver
Capabilities {acceptInsecureCerts: false, browserName: chrome, browserVersion: 138.0.7204.169, chrome: {chromedriverVersion: 138.0.7204.168 (3e8d82e86e9..., userDataDir: C:\WINDOWS\SystemTemp\scope...}, fedcm:accounts: true, goog:chromeOptions: {debuggerAddress: localhost:61451}, networkConnectionEnabled: false, pageLoadStrategy: normal, platformName: windows, proxy: Proxy(), se:cdp: ws://localhost:61451/devtoo..., se:cdpVersion: 138.0.7204.169, setWindowRect: true, strictFileInteractability: false, timeouts: {implicit: 0, pageLoad: 300000, script: 30000}, unhandledPromptBehavior: dismiss and notify, webauthn:extension:credBlob: true, webauthn:extension:largeBlob: true, webauthn:extension:minPinLength: true, webauthn:extension:prf: true, webauthn:virtualAuthenticators: true}
Session ID: 4cf99f07ab5e62a829d52b6d21f2812b
	at org.openqa.selenium.support.ui.WebDriverWait.timeoutException(WebDriverWait.java:84)
	at org.openqa.selenium.support.ui.FluentWait.until(FluentWait.java:228)
	at Chull.TestCase.playVideoTest(TestCase.java:207)
	at java.base/jdk.internal.reflect.NativeMethodAccessorImpl.invoke0(Native Method)
	at java.base/jdk.internal.reflect.NativeMethodAccessorImpl.invoke(NativeMethodAccessorImpl.java:77)
	at java.base/jdk.internal.reflect.DelegatingMethodAccessorImpl.invoke(DelegatingMethodAccessorImpl.java:43)
	at java.base/java.lang.reflect.Method.invoke(Method.java:568)
	at org.testng.internal.invokers.MethodInvocationHelper.invokeMethod(MethodInvocationHelper.java:141)
	at org.testng.internal.invokers.TestInvoker.invokeMethod(TestInvoker.java:687)
	at org.testng.internal.invokers.TestInvoker.invokeTestMethod(TestInvoker.java:230)
	at org.testng.internal.invokers.MethodRunner.runInSequence(MethodRunner.java:63)
	at org.testng.internal.invokers.TestInvoker$MethodInvocationAgent.invoke(TestInvoker.java:995)
	at org.testng.internal.invokers.TestInvoker.invokeTestMethods(TestInvoker.java:203)
	at org.testng.internal.invokers.TestMethodWorker.invokeTestMethods(TestMethodWorker.java:154)
	at org.testng.internal.invokers.TestMethodWorker.run(TestMethodWorker.java:134)
	at java.base/java.util.concurrent.Executors$RunnableAdapter.call(Executors.java:539)
	at java.base/java.util.concurrent.FutureTask.run(FutureTask.java:264)
	at org.testng.internal.thread.graph.TestNGFutureTask.run(TestNGFutureTask.java:22)
	at java.base/java.util.concurrent.ThreadPoolExecutor.runWorker(ThreadPoolExecutor.java:1136)
	at java.base/java.util.concurrent.ThreadPoolExecutor$Worker.run(ThreadPoolExecutor.java:635)
	at java.base/java.lang.Thread.run(Thread.java:842)
]]></failure>
    <system-err><![CDATA[Jul 29, 2025 11:14:15 AM org.openqa.selenium.devtools.CdpVersionFinder findNearestMatch
WARNING: Unable to find an exact match for CDP version 138, returning the closest version; found: 137; Please update to a Selenium version that supports CDP version 138
]]></system-err>
  </testcase>
  <testcase name="footerTermsAndConditionsTest" classname="Chull.TestCase" time="6.09">
    <system-out><![CDATA[Total iframes: 7
iframe ID: support
iframe SRC: https://chull.ottsnap.in/pages/3
iframe ID: 
iframe SRC: https://td.doubleclick.net/td/rul/17013215611?random=1753767884442&cv=11&fst=1753767884442&fmt=3&bg=ffffff&guid=ON&async=1&en=gtag.config&gtm=45be57s0h2z89221036923za200zb9221036923zd9221036923&gcd=13l3l3l3l1l1&dma=0&tag_exp=101509157~103116026~103200004~103233427~104684208~104684211~104948813&u_w=1024&u_h=768&url=https%3A%2F%2Fchull.tv%2F&hn=www.googleadservices.com&frm=0&npa=0&pscdl=noapi&auid=361641335.1753767884&uaa=x86&uab=64&uafvl=Not)A%253BBrand%3B8.0.0.0%7CChromium%3B138.0.7204.169%7CGoogle%2520Chrome%3B138.0.7204.169&uamb=0&uam=&uap=Windows&uapv=19.0.0&uaw=0&fledge=1&data=event%3Dgtag.config
iframe ID: 
iframe SRC: https://td.doubleclick.net/td/rul/17013215611?random=1753767884494&cv=11&fst=1753767884494&fmt=3&bg=ffffff&guid=ON&async=1&gtm=45be57s0h2z89221036923za200zb9221036923zd9221036923&gcd=13l3l3l3l1l1&dma=0&tag_exp=101509157~103116026~103200004~103233427~104684208~104684211~104948813&u_w=1024&u_h=768&url=https%3A%2F%2Fchull.tv%2F&hn=www.googleadservices.com&frm=0&npa=0&pscdl=noapi&auid=361641335.1753767884&uaa=x86&uab=64&uafvl=Not)A%253BBrand%3B8.0.0.0%7CChromium%3B138.0.7204.169%7CGoogle%2520Chrome%3B138.0.7204.169&uamb=0&uam=&uap=Windows&uapv=19.0.0&uaw=0&fledge=1&_tu=Cg
iframe ID: 
iframe SRC: 
iframe ID: 
iframe SRC: https://td.doubleclick.net/td/rul/17013215611?random=1753767914677&cv=11&fst=1753767914677&fmt=3&bg=ffffff&guid=ON&async=1&en=form_start&gtm=45be57s0h2za200zb9221036923zd9221036923&gcd=13l3l3l3l1l1&dma=0&tag_exp=101509157~103116026~103200004~103233427~104684208~104684211~104948813&u_w=1024&u_h=768&url=https%3A%2F%2Fchull.tv%2Flogin&hn=www.googleadservices.com&frm=0&tiba=Chull%20Tv%20-%20OTT%20Platform%20for%20Web%20Series%20Movies%20Entertainment%20Show&npa=0&pscdl=noapi&auid=361641335.1753767884&uaa=x86&uab=64&uafvl=Not)A%253BBrand%3B8.0.0.0%7CChromium%3B138.0.7204.169%7CGoogle%2520Chrome%3B138.0.7204.169&uamb=0&uam=&uap=Windows&uapv=19.0.0&uaw=0&fledge=1&data=event%3Dform_start
iframe ID: 
iframe SRC: https://td.doubleclick.net/td/rul/17013215611?random=1753767914691&cv=11&fst=1753767914691&fmt=3&bg=ffffff&guid=ON&async=1&en=form_submit&gtm=45be57s0h2za200zb9221036923zd9221036923&gcd=13l3l3l3l1l1&dma=0&tag_exp=101509157~103116026~103200004~103233427~104684208~104684211~104948813&u_w=1024&u_h=768&url=https%3A%2F%2Fchull.tv%2Flogin&hn=www.googleadservices.com&frm=0&tiba=Chull%20Tv%20-%20OTT%20Platform%20for%20Web%20Series%20Movies%20Entertainment%20Show&npa=0&pscdl=noapi&auid=361641335.1753767884&uaa=x86&uab=64&uafvl=Not)A%253BBrand%3B8.0.0.0%7CChromium%3B138.0.7204.169%7CGoogle%2520Chrome%3B138.0.7204.169&uamb=0&uam=&uap=Windows&uapv=19.0.0&uaw=0&fledge=1&data=event%3Dform_submit
iframe ID: 
iframe SRC: https://td.doubleclick.net/td/rul/17013215611?random=1753767915038&cv=11&fst=1753767915038&fmt=3&bg=ffffff&guid=ON&async=1&en=form_submit&gtm=45be57s0h2za200zb9221036923zd9221036923&gcd=13l3l3l3l1l1&dma=0&tag_exp=101509157~103116026~103200004~103233427~104684208~104684211~104948813&u_w=1024&u_h=768&url=https%3A%2F%2Fchull.tv%2Flogin&hn=www.googleadservices.com&frm=0&tiba=Chull%20Tv%20-%20OTT%20Platform%20for%20Web%20Series%20Movies%20Entertainment%20Show&npa=0&pscdl=noapi&auid=361641335.1753767884&uaa=x86&uab=64&uafvl=Not)A%253BBrand%3B8.0.0.0%7CChromium%3B138.0.7204.169%7CGoogle%2520Chrome%3B138.0.7204.169&uamb=0&uam=&uap=Windows&uapv=19.0.0&uaw=0&fledge=1&data=event%3Dform_submit
✅ Element is visible inside iframe.
]]></system-out>
    <system-err><![CDATA[Jul 29, 2025 11:14:43 AM org.openqa.selenium.devtools.CdpVersionFinder findNearestMatch
WARNING: Unable to find an exact match for CDP version 138, returning the closest version; found: 137; Please update to a Selenium version that supports CDP version 138
]]></system-err>
  </testcase>
  <testcase name="logoutTest" classname="Chull.TestCase" time="10.431">
    <system-err><![CDATA[Jul 29, 2025 11:15:20 AM org.openqa.selenium.devtools.CdpVersionFinder findNearestMatch
WARNING: Unable to find an exact match for CDP version 138, returning the closest version; found: 137; Please update to a Selenium version that supports CDP version 138
]]></system-err>
  </testcase>
  <testcase name="filterValuesTest" classname="Chull.TestCase" time="20.328">
    <system-out><![CDATA[https://chull.tv/language/Hindi/1
]]></system-out>
    <system-err><![CDATA[Jul 29, 2025 11:15:35 AM org.openqa.selenium.devtools.CdpVersionFinder findNearestMatch
WARNING: Unable to find an exact match for CDP version 138, returning the closest version; found: 137; Please update to a Selenium version that supports CDP version 138
]]></system-err>
  </testcase>
  <testcase name="viewAllTest" classname="Chull.TestCase" time="32.856">
    <failure message="Expected condition failed: waiting for visibility of element located by By.xpath: //div[contains(@class,&apos;view-list&apos;)] (tried for 10 second(s) with 500 milliseconds interval)&#10;Build info: version: &apos;4.33.0&apos;, revision: &apos;2c6aaad03a&apos;&#10;System info: os.name: &apos;Windows 11&apos;, os.arch: &apos;amd64&apos;, os.version: &apos;10.0&apos;, java.version: &apos;17.0.12&apos;&#10;Driver info: org.openqa.selenium.chrome.ChromeDriver&#10;Capabilities {acceptInsecureCerts: false, browserName: chrome, browserVersion: 138.0.7204.169, chrome: {chromedriverVersion: 138.0.7204.168 (3e8d82e86e9..., userDataDir: C:\WINDOWS\SystemTemp\scope...}, fedcm:accounts: true, goog:chromeOptions: {debuggerAddress: localhost:61744}, networkConnectionEnabled: false, pageLoadStrategy: normal, platformName: windows, proxy: Proxy(), se:cdp: ws://localhost:61744/devtoo..., se:cdpVersion: 138.0.7204.169, setWindowRect: true, strictFileInteractability: false, timeouts: {implicit: 0, pageLoad: 300000, script: 30000}, unhandledPromptBehavior: dismiss and notify, webauthn:extension:credBlob: true, webauthn:extension:largeBlob: true, webauthn:extension:minPinLength: true, webauthn:extension:prf: true, webauthn:virtualAuthenticators: true}&#10;Session ID: 02da6d30664ae6cf3ef0a625242fe55b" type="org.openqa.selenium.TimeoutException"><![CDATA[org.openqa.selenium.TimeoutException: 
Expected condition failed: waiting for visibility of element located by By.xpath: //div[contains(@class,'view-list')] (tried for 10 second(s) with 500 milliseconds interval)
Build info: version: '4.33.0', revision: '2c6aaad03a'
System info: os.name: 'Windows 11', os.arch: 'amd64', os.version: '10.0', java.version: '17.0.12'
Driver info: org.openqa.selenium.chrome.ChromeDriver
Capabilities {acceptInsecureCerts: false, browserName: chrome, browserVersion: 138.0.7204.169, chrome: {chromedriverVersion: 138.0.7204.168 (3e8d82e86e9..., userDataDir: C:\WINDOWS\SystemTemp\scope...}, fedcm:accounts: true, goog:chromeOptions: {debuggerAddress: localhost:61744}, networkConnectionEnabled: false, pageLoadStrategy: normal, platformName: windows, proxy: Proxy(), se:cdp: ws://localhost:61744/devtoo..., se:cdpVersion: 138.0.7204.169, setWindowRect: true, strictFileInteractability: false, timeouts: {implicit: 0, pageLoad: 300000, script: 30000}, unhandledPromptBehavior: dismiss and notify, webauthn:extension:credBlob: true, webauthn:extension:largeBlob: true, webauthn:extension:minPinLength: true, webauthn:extension:prf: true, webauthn:virtualAuthenticators: true}
Session ID: 02da6d30664ae6cf3ef0a625242fe55b
	at org.openqa.selenium.support.ui.WebDriverWait.timeoutException(WebDriverWait.java:84)
	at org.openqa.selenium.support.ui.FluentWait.until(FluentWait.java:228)
	at Chull.TestCase.viewAllTest(TestCase.java:476)
	at java.base/jdk.internal.reflect.NativeMethodAccessorImpl.invoke0(Native Method)
	at java.base/jdk.internal.reflect.NativeMethodAccessorImpl.invoke(NativeMethodAccessorImpl.java:77)
	at java.base/jdk.internal.reflect.DelegatingMethodAccessorImpl.invoke(DelegatingMethodAccessorImpl.java:43)
	at java.base/java.lang.reflect.Method.invoke(Method.java:568)
	at org.testng.internal.invokers.MethodInvocationHelper.invokeMethod(MethodInvocationHelper.java:141)
	at org.testng.internal.invokers.TestInvoker.invokeMethod(TestInvoker.java:687)
	at org.testng.internal.invokers.TestInvoker.invokeTestMethod(TestInvoker.java:230)
	at org.testng.internal.invokers.MethodRunner.runInSequence(MethodRunner.java:63)
	at org.testng.internal.invokers.TestInvoker$MethodInvocationAgent.invoke(TestInvoker.java:995)
	at org.testng.internal.invokers.TestInvoker.invokeTestMethods(TestInvoker.java:203)
	at org.testng.internal.invokers.TestMethodWorker.invokeTestMethods(TestMethodWorker.java:154)
	at org.testng.internal.invokers.TestMethodWorker.run(TestMethodWorker.java:134)
	at java.base/java.util.concurrent.Executors$RunnableAdapter.call(Executors.java:539)
	at java.base/java.util.concurrent.FutureTask.run(FutureTask.java:264)
	at org.testng.internal.thread.graph.TestNGFutureTask.run(TestNGFutureTask.java:22)
	at java.base/java.util.concurrent.ThreadPoolExecutor.runWorker(ThreadPoolExecutor.java:1136)
	at java.base/java.util.concurrent.ThreadPoolExecutor$Worker.run(ThreadPoolExecutor.java:635)
	at java.base/java.lang.Thread.run(Thread.java:842)
]]></failure>
    <system-out><![CDATA[Top 10 link not clickable: Expected condition failed: waiting for element to be clickable: By.xpath: //a[contains(@href,'free-episode')] (tried for 10 second(s) with 500 milliseconds interval)
Build info: version: '4.33.0', revision: '2c6aaad03a'
System info: os.name: 'Windows 11', os.arch: 'amd64', os.version: '10.0', java.version: '17.0.12'
Driver info: org.openqa.selenium.chrome.ChromeDriver
Capabilities {acceptInsecureCerts: false, browserName: chrome, browserVersion: 138.0.7204.169, chrome: {chromedriverVersion: 138.0.7204.168 (3e8d82e86e9..., userDataDir: C:\WINDOWS\SystemTemp\scope...}, fedcm:accounts: true, goog:chromeOptions: {debuggerAddress: localhost:61744}, networkConnectionEnabled: false, pageLoadStrategy: normal, platformName: windows, proxy: Proxy(), se:cdp: ws://localhost:61744/devtoo..., se:cdpVersion: 138.0.7204.169, setWindowRect: true, strictFileInteractability: false, timeouts: {implicit: 0, pageLoad: 300000, script: 30000}, unhandledPromptBehavior: dismiss and notify, webauthn:extension:credBlob: true, webauthn:extension:largeBlob: true, webauthn:extension:minPinLength: true, webauthn:extension:prf: true, webauthn:virtualAuthenticators: true}
Session ID: 02da6d30664ae6cf3ef0a625242fe55b
]]></system-out>
    <system-err><![CDATA[Jul 29, 2025 11:15:59 AM org.openqa.selenium.devtools.CdpVersionFinder findNearestMatch
WARNING: Unable to find an exact match for CDP version 138, returning the closest version; found: 137; Please update to a Selenium version that supports CDP version 138
]]></system-err>
  </testcase>
  <testcase name="checkRelatedvideo" classname="Chull.TestCase" time="23.493">
    <failure message="Expected condition failed: waiting for element to be clickable: By.xpath: //img[@alt=&apos;Hello Pooja&apos;] (tried for 10 second(s) with 500 milliseconds interval)&#10;Build info: version: &apos;4.33.0&apos;, revision: &apos;2c6aaad03a&apos;&#10;System info: os.name: &apos;Windows 11&apos;, os.arch: &apos;amd64&apos;, os.version: &apos;10.0&apos;, java.version: &apos;17.0.12&apos;&#10;Driver info: org.openqa.selenium.chrome.ChromeDriver&#10;Capabilities {acceptInsecureCerts: false, browserName: chrome, browserVersion: 138.0.7204.169, chrome: {chromedriverVersion: 138.0.7204.168 (3e8d82e86e9..., userDataDir: C:\WINDOWS\SystemTemp\scope...}, fedcm:accounts: true, goog:chromeOptions: {debuggerAddress: localhost:61805}, networkConnectionEnabled: false, pageLoadStrategy: normal, platformName: windows, proxy: Proxy(), se:cdp: ws://localhost:61805/devtoo..., se:cdpVersion: 138.0.7204.169, setWindowRect: true, strictFileInteractability: false, timeouts: {implicit: 0, pageLoad: 300000, script: 30000}, unhandledPromptBehavior: dismiss and notify, webauthn:extension:credBlob: true, webauthn:extension:largeBlob: true, webauthn:extension:minPinLength: true, webauthn:extension:prf: true, webauthn:virtualAuthenticators: true}&#10;Session ID: f71aed230d28631409871cc30ff165a0" type="org.openqa.selenium.TimeoutException"><![CDATA[org.openqa.selenium.TimeoutException: 
Expected condition failed: waiting for element to be clickable: By.xpath: //img[@alt='Hello Pooja'] (tried for 10 second(s) with 500 milliseconds interval)
Build info: version: '4.33.0', revision: '2c6aaad03a'
System info: os.name: 'Windows 11', os.arch: 'amd64', os.version: '10.0', java.version: '17.0.12'
Driver info: org.openqa.selenium.chrome.ChromeDriver
Capabilities {acceptInsecureCerts: false, browserName: chrome, browserVersion: 138.0.7204.169, chrome: {chromedriverVersion: 138.0.7204.168 (3e8d82e86e9..., userDataDir: C:\WINDOWS\SystemTemp\scope...}, fedcm:accounts: true, goog:chromeOptions: {debuggerAddress: localhost:61805}, networkConnectionEnabled: false, pageLoadStrategy: normal, platformName: windows, proxy: Proxy(), se:cdp: ws://localhost:61805/devtoo..., se:cdpVersion: 138.0.7204.169, setWindowRect: true, strictFileInteractability: false, timeouts: {implicit: 0, pageLoad: 300000, script: 30000}, unhandledPromptBehavior: dismiss and notify, webauthn:extension:credBlob: true, webauthn:extension:largeBlob: true, webauthn:extension:minPinLength: true, webauthn:extension:prf: true, webauthn:virtualAuthenticators: true}
Session ID: f71aed230d28631409871cc30ff165a0
	at org.openqa.selenium.support.ui.WebDriverWait.timeoutException(WebDriverWait.java:84)
	at org.openqa.selenium.support.ui.FluentWait.until(FluentWait.java:228)
	at Chull.TestCase.checkRelatedvideo(TestCase.java:634)
	at java.base/jdk.internal.reflect.NativeMethodAccessorImpl.invoke0(Native Method)
	at java.base/jdk.internal.reflect.NativeMethodAccessorImpl.invoke(NativeMethodAccessorImpl.java:77)
	at java.base/jdk.internal.reflect.DelegatingMethodAccessorImpl.invoke(DelegatingMethodAccessorImpl.java:43)
	at java.base/java.lang.reflect.Method.invoke(Method.java:568)
	at org.testng.internal.invokers.MethodInvocationHelper.invokeMethod(MethodInvocationHelper.java:141)
	at org.testng.internal.invokers.TestInvoker.invokeMethod(TestInvoker.java:687)
	at org.testng.internal.invokers.TestInvoker.invokeTestMethod(TestInvoker.java:230)
	at org.testng.internal.invokers.MethodRunner.runInSequence(MethodRunner.java:63)
	at org.testng.internal.invokers.TestInvoker$MethodInvocationAgent.invoke(TestInvoker.java:995)
	at org.testng.internal.invokers.TestInvoker.invokeTestMethods(TestInvoker.java:203)
	at org.testng.internal.invokers.TestMethodWorker.invokeTestMethods(TestMethodWorker.java:154)
	at org.testng.internal.invokers.TestMethodWorker.run(TestMethodWorker.java:134)
	at java.base/java.util.concurrent.Executors$RunnableAdapter.call(Executors.java:539)
	at java.base/java.util.concurrent.FutureTask.run(FutureTask.java:264)
	at org.testng.internal.thread.graph.TestNGFutureTask.run(TestNGFutureTask.java:22)
	at java.base/java.util.concurrent.ThreadPoolExecutor.runWorker(ThreadPoolExecutor.java:1136)
	at java.base/java.util.concurrent.ThreadPoolExecutor$Worker.run(ThreadPoolExecutor.java:635)
	at java.base/java.lang.Thread.run(Thread.java:842)
]]></failure>
    <system-err><![CDATA[Jul 29, 2025 11:16:36 AM org.openqa.selenium.devtools.CdpVersionFinder findNearestMatch
WARNING: Unable to find an exact match for CDP version 138, returning the closest version; found: 137; Please update to a Selenium version that supports CDP version 138
]]></system-err>
  </testcase>
  <testcase name="Banner_is_visible" classname="Chull.TestCase" time="18.818">
    <system-out><![CDATA[no such element: Unable to locate element: {"method":"xpath","selector":"//img[@class="d-block w-100 mscreen image-gradient"]"}
  (Session info: chrome=138.0.7204.169)
For documentation on this error, please visit: https://www.selenium.dev/documentation/webdriver/troubleshooting/errors#no-such-element-exception
Build info: version: '4.33.0', revision: '2c6aaad03a'
System info: os.name: 'Windows 11', os.arch: 'amd64', os.version: '10.0', java.version: '17.0.12'
Driver info: org.openqa.selenium.chrome.ChromeDriver
Command: [8bb09f03c22e89699bd1e1077724d575, findElement {using=xpath, value=//img[@class="d-block w-100 mscreen image-gradient"]}]
Capabilities {acceptInsecureCerts: false, browserName: chrome, browserVersion: 138.0.7204.169, chrome: {chromedriverVersion: 138.0.7204.168 (3e8d82e86e9..., userDataDir: C:\WINDOWS\SystemTemp\scope...}, fedcm:accounts: true, goog:chromeOptions: {debuggerAddress: localhost:61868}, networkConnectionEnabled: false, pageLoadStrategy: normal, platformName: windows, proxy: Proxy(), se:cdp: ws://localhost:61868/devtoo..., se:cdpVersion: 138.0.7204.169, setWindowRect: true, strictFileInteractability: false, timeouts: {implicit: 0, pageLoad: 300000, script: 30000}, unhandledPromptBehavior: dismiss and notify, webauthn:extension:credBlob: true, webauthn:extension:largeBlob: true, webauthn:extension:minPinLength: true, webauthn:extension:prf: true, webauthn:virtualAuthenticators: true}
Session ID: 8bb09f03c22e89699bd1e1077724d575
]]></system-out>
    <system-err><![CDATA[Jul 29, 2025 11:17:04 AM org.openqa.selenium.devtools.CdpVersionFinder findNearestMatch
WARNING: Unable to find an exact match for CDP version 138, returning the closest version; found: 137; Please update to a Selenium version that supports CDP version 138
]]></system-err>
  </testcase>
  <testcase name="subscription" classname="Chull.TestCase" time="11.82">
    <system-out><![CDATA[Subscription button is visible
]]></system-out>
    <system-err><![CDATA[Jul 29, 2025 11:18:36 AM org.openqa.selenium.devtools.CdpVersionFinder findNearestMatch
WARNING: Unable to find an exact match for CDP version 138, returning the closest version; found: 137; Please update to a Selenium version that supports CDP version 138
]]></system-err>
  </testcase>
  <testcase name="withoutLoginSubscriptionButtonisVisible" classname="Chull.TestCase" time="0.786">
    <system-out><![CDATA[Visible
]]></system-out>
    <system-err><![CDATA[Jul 29, 2025 11:18:52 AM org.openqa.selenium.devtools.CdpVersionFinder findNearestMatch
WARNING: Unable to find an exact match for CDP version 138, returning the closest version; found: 137; Please update to a Selenium version that supports CDP version 138
]]></system-err>
  </testcase>
  <testcase name="check_SubscriptionisVisible" classname="Chull.TestCase" time="13.215">
    <system-out><![CDATA[Button 0 text: ₹79₹129
Button 1 text: ₹149₹249
Button 2 text: ₹329₹459
Button 3 text: ₹579₹699
]]></system-out>
    <system-err><![CDATA[Jul 29, 2025 11:19:00 AM org.openqa.selenium.devtools.CdpVersionFinder findNearestMatch
WARNING: Unable to find an exact match for CDP version 138, returning the closest version; found: 137; Please update to a Selenium version that supports CDP version 138
]]></system-err>
  </testcase>
  <testcase name="checkUserBuySubscription" classname="Chull.TestCase" time="12.928">
    <system-out><![CDATA[User already purchase a subscription
]]></system-out>
    <system-err><![CDATA[Jul 29, 2025 11:19:44 AM org.openqa.selenium.devtools.CdpVersionFinder findNearestMatch
WARNING: Unable to find an exact match for CDP version 138, returning the closest version; found: 137; Please update to a Selenium version that supports CDP version 138
]]></system-err>
  </testcase>
  <testcase name="verifyPopupIsVisibleuserBuysubscription" classname="Chull.TestCase" time="18.243">
    <system-out><![CDATA[no such alert
  (Session info: chrome=138.0.7204.169)
Build info: version: '4.33.0', revision: '2c6aaad03a'
System info: os.name: 'Windows 11', os.arch: 'amd64', os.version: '10.0', java.version: '17.0.12'
Driver info: org.openqa.selenium.chrome.ChromeDriver
Command: [81ed48d0494268ea8f0e79faa12d14e3, getAlertText {}]
Capabilities {acceptInsecureCerts: false, browserName: chrome, browserVersion: 138.0.7204.169, chrome: {chromedriverVersion: 138.0.7204.168 (3e8d82e86e9..., userDataDir: C:\WINDOWS\SystemTemp\scope...}, fedcm:accounts: true, goog:chromeOptions: {debuggerAddress: localhost:61186}, networkConnectionEnabled: false, pageLoadStrategy: normal, platformName: windows, proxy: Proxy(), se:cdp: ws://localhost:61186/devtoo..., se:cdpVersion: 138.0.7204.169, setWindowRect: true, strictFileInteractability: false, timeouts: {implicit: 0, pageLoad: 300000, script: 30000}, unhandledPromptBehavior: dismiss and notify, webauthn:extension:credBlob: true, webauthn:extension:largeBlob: true, webauthn:extension:minPinLength: true, webauthn:extension:prf: true, webauthn:virtualAuthenticators: true}
Session ID: 81ed48d0494268ea8f0e79faa12d14e3
]]></system-out>
    <system-err><![CDATA[Jul 29, 2025 11:20:30 AM org.openqa.selenium.devtools.CdpVersionFinder findNearestMatch
WARNING: Unable to find an exact match for CDP version 138, returning the closest version; found: 137; Please update to a Selenium version that supports CDP version 138
]]></system-err>
  </testcase>
  <testcase name="verifyurl" classname="Chull.TestCase" time="0.014">
    <system-out><![CDATA[passed
]]></system-out>
    <system-err><![CDATA[Jul 29, 2025 11:20:52 AM org.openqa.selenium.devtools.CdpVersionFinder findNearestMatch
WARNING: Unable to find an exact match for CDP version 138, returning the closest version; found: 137; Please update to a Selenium version that supports CDP version 138
]]></system-err>
  </testcase>
  <testcase name="checkTagname" classname="Chull.TestCase" time="0.023">
    <system-out><![CDATA[verify the url
]]></system-out>
    <system-err><![CDATA[Jul 29, 2025 11:20:55 AM org.openqa.selenium.devtools.CdpVersionFinder findNearestMatch
WARNING: Unable to find an exact match for CDP version 138, returning the closest version; found: 137; Please update to a Selenium version that supports CDP version 138
]]></system-err>
  </testcase>
  <testcase name="countTotalVideosWithNames" classname="Chull.TestCase" time="1.582">
    <system-out><![CDATA[Total number of videos: 33
]]></system-out>
    <system-err><![CDATA[Jul 29, 2025 11:20:59 AM org.openqa.selenium.devtools.CdpVersionFinder findNearestMatch
WARNING: Unable to find an exact match for CDP version 138, returning the closest version; found: 137; Please update to a Selenium version that supports CDP version 138
]]></system-err>
  </testcase>
  <testcase name="ApplestoreButtonTest" classname="Chull.TestCase" time="14.809">
    <system-out><![CDATA[🔗 Redirected URL: https://apps.apple.com/in/app/chull/id6744243409
]]></system-out>
    <system-err><![CDATA[Jul 29, 2025 11:21:04 AM org.openqa.selenium.devtools.CdpVersionFinder findNearestMatch
WARNING: Unable to find an exact match for CDP version 138, returning the closest version; found: 137; Please update to a Selenium version that supports CDP version 138
]]></system-err>
  </testcase>
  <testcase name="playstore" classname="Chull.TestCase" time="15.046">
    <system-out><![CDATA[🔗 Redirected URL: https://play.google.com/store/apps/details?id=com.ott.chulbull&hl=en_IN
]]></system-out>
    <system-err><![CDATA[Jul 29, 2025 11:21:51 AM org.openqa.selenium.devtools.CdpVersionFinder findNearestMatch
WARNING: Unable to find an exact match for CDP version 138, returning the closest version; found: 137; Please update to a Selenium version that supports CDP version 138
]]></system-err>
  </testcase>
  <testcase name="checkcouponprice" classname="Chull.Testcase2" time="18.614">
    <system-out><![CDATA[2.00.00
]]></system-out>
    <system-err><![CDATA[Jul 29, 2025 11:22:39 AM org.openqa.selenium.devtools.CdpVersionFinder findNearestMatch
WARNING: Unable to find an exact match for CDP version 138, returning the closest version; found: 137; Please update to a Selenium version that supports CDP version 138
]]></system-err>
  </testcase>
  <testcase name="couponPercentage" classname="Chull.Testcase2" time="19.348">
    <system-out><![CDATA[2.37.00
Applied coupon code
]]></system-out>
    <system-err><![CDATA[Jul 29, 2025 11:23:02 AM org.openqa.selenium.devtools.CdpVersionFinder findNearestMatch
WARNING: Unable to find an exact match for CDP version 138, returning the closest version; found: 137; Please update to a Selenium version that supports CDP version 138
]]></system-err>
  </testcase>
  <testcase name="checkrazorpayopen" classname="Chull.Testcase2" time="37.093">
    <system-out><![CDATA[2.37.00
Applied coupon code
Exception: no such element: Unable to locate element: {"method":"xpath","selector":"//button[normalize-space()='Continue']"}
  (Session info: chrome=138.0.7204.169)
For documentation on this error, please visit: https://www.selenium.dev/documentation/webdriver/troubleshooting/errors#no-such-element-exception
Build info: version: '4.33.0', revision: '2c6aaad03a'
System info: os.name: 'Windows 11', os.arch: 'amd64', os.version: '10.0', java.version: '17.0.12'
Driver info: org.openqa.selenium.chrome.ChromeDriver
Command: [72f9bef647ec66e877fc83139c48e6c6, findElement {using=xpath, value=//button[normalize-space()='Continue']}]
Capabilities {acceptInsecureCerts: false, browserName: chrome, browserVersion: 138.0.7204.169, chrome: {chromedriverVersion: 138.0.7204.168 (3e8d82e86e9..., userDataDir: C:\WINDOWS\SystemTemp\scope...}, fedcm:accounts: true, goog:chromeOptions: {debuggerAddress: localhost:56209}, networkConnectionEnabled: false, pageLoadStrategy: normal, platformName: windows, proxy: Proxy(), se:cdp: ws://localhost:56209/devtoo..., se:cdpVersion: 138.0.7204.169, setWindowRect: true, strictFileInteractability: false, timeouts: {implicit: 0, pageLoad: 300000, script: 30000}, unhandledPromptBehavior: dismiss and notify, webauthn:extension:credBlob: true, webauthn:extension:largeBlob: true, webauthn:extension:minPinLength: true, webauthn:extension:prf: true, webauthn:virtualAuthenticators: true}
Session ID: 72f9bef647ec66e877fc83139c48e6c6
]]></system-out>
    <system-err><![CDATA[Jul 29, 2025 11:23:26 AM org.openqa.selenium.devtools.CdpVersionFinder findNearestMatch
WARNING: Unable to find an exact match for CDP version 138, returning the closest version; found: 137; Please update to a Selenium version that supports CDP version 138
]]></system-err>
  </testcase>
  <testcase name="Validate_No_Data_message_is_visible" classname="Chull.Testcase2" time="19.595">
    <system-out><![CDATA[No data available
]]></system-out>
    <system-err><![CDATA[Jul 29, 2025 11:24:08 AM org.openqa.selenium.devtools.CdpVersionFinder findNearestMatch
WARNING: Unable to find an exact match for CDP version 138, returning the closest version; found: 137; Please update to a Selenium version that supports CDP version 138
]]></system-err>
  </testcase>
  <testcase name="clickwatchnow_userredirect_into_login" classname="Chull.Testcase2" time="7.416">
    <system-out><![CDATA[true
]]></system-out>
    <system-err><![CDATA[Jul 29, 2025 11:24:31 AM org.openqa.selenium.devtools.CdpVersionFinder findNearestMatch
WARNING: Unable to find an exact match for CDP version 138, returning the closest version; found: 137; Please update to a Selenium version that supports CDP version 138
]]></system-err>
  </testcase>
  <testcase name="insidecouponpagebannerisvisible" classname="Chull.Testcase2" time="13.182">
    <system-out><![CDATA[Total number of banners: 1
]]></system-out>
    <system-err><![CDATA[Jul 29, 2025 11:24:42 AM org.openqa.selenium.devtools.CdpVersionFinder findNearestMatch
WARNING: Unable to find an exact match for CDP version 138, returning the closest version; found: 137; Please update to a Selenium version that supports CDP version 138
]]></system-err>
  </testcase>
  <testcase name="checkNoofBannerpresendInHomepage" classname="Chull.Testcase2" time="4.035">
    <system-out><![CDATA[1
]]></system-out>
    <system-err><![CDATA[Jul 29, 2025 11:25:28 AM org.openqa.selenium.devtools.CdpVersionFinder findNearestMatch
WARNING: Unable to find an exact match for CDP version 138, returning the closest version; found: 137; Please update to a Selenium version that supports CDP version 138
]]></system-err>
  </testcase>
  <testcase name="checkAlllanguageIsvisible" classname="Chull.Testcase2" time="10.747">
    <system-out><![CDATA[Total languages found: 0
]]></system-out>
    <system-err><![CDATA[Jul 29, 2025 11:25:36 AM org.openqa.selenium.devtools.CdpVersionFinder findNearestMatch
WARNING: Unable to find an exact match for CDP version 138, returning the closest version; found: 137; Please update to a Selenium version that supports CDP version 138
]]></system-err>
  </testcase>
  <testcase name="checkAlllanguageIsvisible" classname="Chull.Testcase2" time="1.025">
    <system-out><![CDATA[Total languages found: 5
Language 1: Tamil
Language 2: Telugu
Language 3: kannada
Language 4: Hindi
Language 5: Malayalam
]]></system-out>
    <system-err><![CDATA[Jul 29, 2025 11:25:49 AM org.openqa.selenium.devtools.CdpVersionFinder findNearestMatch
WARNING: Unable to find an exact match for CDP version 138, returning the closest version; found: 137; Please update to a Selenium version that supports CDP version 138
]]></system-err>
  </testcase>
</testsuite>