<?xml version="1.0" encoding="UTF-8"?>
<testng-results ignored="217" total="232" passed="12" failed="3" skipped="0">
  <reporter-output>
  </reporter-output>
  <suite started-at="2025-08-11T17:41:42 IST" name="Suite" finished-at="2025-08-11T17:44:31 IST" duration-ms="168299">
    <groups>
    </groups>
    <test started-at="2025-08-11T17:41:42 IST" name="Login with Phone Number" finished-at="2025-08-11T17:41:58 IST" duration-ms="15968">
      <class name="Amuzi.LoginTestCase">
        <test-method is-config="true" signature="setup()[pri:0, instance:Amuzi.LoginTestCase@7d8995e]" started-at="2025-08-11T17:41:42 IST" name="setup" finished-at="2025-08-11T17:41:48 IST" duration-ms="5880" status="PASS">
          <reporter-output>
          </reporter-output>
        </test-method> <!-- setup -->
        <test-method signature="loginWithPhoneNumber()[pri:0, instance:Amuzi.LoginTestCase@7d8995e]" started-at="2025-08-11T17:41:48 IST" name="loginWithPhoneNumber" finished-at="2025-08-11T17:41:58 IST" duration-ms="9565" status="PASS">
          <reporter-output>
          </reporter-output>
        </test-method> <!-- loginWithPhoneNumber -->
        <test-method is-config="true" signature="teardown()[pri:0, instance:Amuzi.LoginTestCase@7d8995e]" started-at="2025-08-11T17:41:58 IST" name="teardown" finished-at="2025-08-11T17:41:58 IST" duration-ms="453" status="PASS">
          <reporter-output>
          </reporter-output>
        </test-method> <!-- teardown -->
      </class> <!-- Amuzi.LoginTestCase -->
    </test> <!-- Login with Phone Number -->
    <test started-at="2025-08-11T17:41:58 IST" name="Login with wrong otp Number" finished-at="2025-08-11T17:42:14 IST" duration-ms="15355">
      <class name="Amuzi.LoginTestCase">
        <test-method is-config="true" signature="setup()[pri:0, instance:Amuzi.LoginTestCase@6989da5e]" started-at="2025-08-11T17:41:58 IST" name="setup" finished-at="2025-08-11T17:42:05 IST" duration-ms="7037" status="PASS">
          <reporter-output>
          </reporter-output>
        </test-method> <!-- setup -->
        <test-method signature="wrongOtpLoginTest()[pri:0, instance:Amuzi.LoginTestCase@6989da5e]" started-at="2025-08-11T17:42:05 IST" name="wrongOtpLoginTest" finished-at="2025-08-11T17:42:13 IST" duration-ms="7880" status="PASS">
          <reporter-output>
          </reporter-output>
        </test-method> <!-- wrongOtpLoginTest -->
        <test-method is-config="true" signature="teardown()[pri:0, instance:Amuzi.LoginTestCase@6989da5e]" started-at="2025-08-11T17:42:13 IST" name="teardown" finished-at="2025-08-11T17:42:14 IST" duration-ms="436" status="PASS">
          <reporter-output>
          </reporter-output>
        </test-method> <!-- teardown -->
      </class> <!-- Amuzi.LoginTestCase -->
    </test> <!-- Login with wrong otp Number -->
    <test started-at="2025-08-11T17:42:14 IST" name="Login with Mail Id" finished-at="2025-08-11T17:42:21 IST" duration-ms="6803">
      <class name="Amuzi.LoginTestCase">
        <test-method is-config="true" signature="setup()[pri:0, instance:Amuzi.LoginTestCase@139982de]" started-at="2025-08-11T17:42:14 IST" name="setup" finished-at="2025-08-11T17:42:16 IST" duration-ms="2686" status="PASS">
          <reporter-output>
          </reporter-output>
        </test-method> <!-- setup -->
        <test-method signature="loginWithwrongMailTest()[pri:0, instance:Amuzi.LoginTestCase@139982de]" started-at="2025-08-11T17:42:16 IST" name="loginWithwrongMailTest" finished-at="2025-08-11T17:42:20 IST" duration-ms="3785" status="PASS">
          <reporter-output>
          </reporter-output>
        </test-method> <!-- loginWithwrongMailTest -->
        <test-method is-config="true" signature="teardown()[pri:0, instance:Amuzi.LoginTestCase@139982de]" started-at="2025-08-11T17:42:20 IST" name="teardown" finished-at="2025-08-11T17:42:21 IST" duration-ms="328" status="PASS">
          <reporter-output>
          </reporter-output>
        </test-method> <!-- teardown -->
      </class> <!-- Amuzi.LoginTestCase -->
    </test> <!-- Login with Mail Id -->
    <test started-at="2025-08-11T17:42:21 IST" name="Login with wrong Mail Id" finished-at="2025-08-11T17:42:27 IST" duration-ms="6848">
      <class name="Amuzi.LoginTestCase">
        <test-method is-config="true" signature="setup()[pri:0, instance:Amuzi.LoginTestCase@7dcf94f8]" started-at="2025-08-11T17:42:21 IST" name="setup" finished-at="2025-08-11T17:42:23 IST" duration-ms="2881" status="PASS">
          <reporter-output>
          </reporter-output>
        </test-method> <!-- setup -->
        <test-method signature="loginWithwrongMailTest()[pri:0, instance:Amuzi.LoginTestCase@7dcf94f8]" started-at="2025-08-11T17:42:23 IST" name="loginWithwrongMailTest" finished-at="2025-08-11T17:42:27 IST" duration-ms="3610" status="PASS">
          <reporter-output>
          </reporter-output>
        </test-method> <!-- loginWithwrongMailTest -->
        <test-method is-config="true" signature="teardown()[pri:0, instance:Amuzi.LoginTestCase@7dcf94f8]" started-at="2025-08-11T17:42:27 IST" name="teardown" finished-at="2025-08-11T17:42:27 IST" duration-ms="351" status="PASS">
          <reporter-output>
          </reporter-output>
        </test-method> <!-- teardown -->
      </class> <!-- Amuzi.LoginTestCase -->
    </test> <!-- Login with wrong Mail Id -->
    <test started-at="2025-08-11T17:42:27 IST" name="Login with  Mail Id" finished-at="2025-08-11T17:42:36 IST" duration-ms="8928">
      <class name="Amuzi.LoginTestCase">
        <test-method is-config="true" signature="setup()[pri:0, instance:Amuzi.LoginTestCase@662ac478]" started-at="2025-08-11T17:42:27 IST" name="setup" finished-at="2025-08-11T17:42:30 IST" duration-ms="2864" status="PASS">
          <reporter-output>
          </reporter-output>
        </test-method> <!-- setup -->
        <test-method signature="loginWithMailTest()[pri:0, instance:Amuzi.LoginTestCase@662ac478]" started-at="2025-08-11T17:42:30 IST" name="loginWithMailTest" finished-at="2025-08-11T17:42:36 IST" duration-ms="5686" status="PASS">
          <reporter-output>
          </reporter-output>
        </test-method> <!-- loginWithMailTest -->
        <test-method is-config="true" signature="teardown()[pri:0, instance:Amuzi.LoginTestCase@662ac478]" started-at="2025-08-11T17:42:36 IST" name="teardown" finished-at="2025-08-11T17:42:36 IST" duration-ms="375" status="PASS">
          <reporter-output>
          </reporter-output>
        </test-method> <!-- teardown -->
      </class> <!-- Amuzi.LoginTestCase -->
    </test> <!-- Login with  Mail Id -->
    <test started-at="2025-08-11T17:42:36 IST" name="check logout " finished-at="2025-08-11T17:42:52 IST" duration-ms="15595">
      <class name="Amuzi.LoginTestCase">
        <test-method is-config="true" signature="setup()[pri:0, instance:Amuzi.LoginTestCase@477b4cdf]" started-at="2025-08-11T17:42:36 IST" name="setup" finished-at="2025-08-11T17:42:40 IST" duration-ms="3758" status="PASS">
          <reporter-output>
          </reporter-output>
        </test-method> <!-- setup -->
        <test-method signature="logoutTest()[pri:0, instance:Amuzi.LoginTestCase@477b4cdf]" started-at="2025-08-11T17:42:40 IST" name="logoutTest" finished-at="2025-08-11T17:42:52 IST" duration-ms="11349" status="PASS">
          <reporter-output>
          </reporter-output>
        </test-method> <!-- logoutTest -->
        <test-method is-config="true" signature="teardown()[pri:0, instance:Amuzi.LoginTestCase@477b4cdf]" started-at="2025-08-11T17:42:52 IST" name="teardown" finished-at="2025-08-11T17:42:52 IST" duration-ms="482" status="PASS">
          <reporter-output>
          </reporter-output>
        </test-method> <!-- teardown -->
      </class> <!-- Amuzi.LoginTestCase -->
    </test> <!-- check logout  -->
    <test started-at="2025-08-11T17:42:52 IST" name="check Detail page is open without login " finished-at="2025-08-11T17:43:06 IST" duration-ms="13567">
      <class name="Amuzi.LoginTestCase">
        <test-method is-config="true" signature="setup()[pri:0, instance:Amuzi.LoginTestCase@233795b6]" started-at="2025-08-11T17:42:52 IST" name="setup" finished-at="2025-08-11T17:42:55 IST" duration-ms="3129" status="PASS">
          <reporter-output>
          </reporter-output>
        </test-method> <!-- setup -->
        <test-method signature="detailedPageWithoutLoginTest()[pri:0, instance:Amuzi.LoginTestCase@233795b6]" started-at="2025-08-11T17:42:55 IST" name="detailedPageWithoutLoginTest" finished-at="2025-08-11T17:43:05 IST" duration-ms="10040" status="FAIL">
          <exception class="org.openqa.selenium.NoSuchElementException">
            <message>
              <![CDATA[no such element: Unable to locate element: {"method":"xpath","selector":"//a[@href='/Devotional/16']"}
  (Session info: chrome=138.0.7204.169)
For documentation on this error, please visit: https://www.selenium.dev/documentation/webdriver/troubleshooting/errors#no-such-element-exception
Build info: version: '4.33.0', revision: '2c6aaad03a'
System info: os.name: 'Windows 11', os.arch: 'amd64', os.version: '10.0', java.version: '23.0.1'
Driver info: org.openqa.selenium.chrome.ChromeDriver
Command: [5905d9f036e1201dd9b5682a176092f5, findElement {value=//a[@href='/Devotional/16'], using=xpath}]
Capabilities {acceptInsecureCerts: false, browserName: chrome, browserVersion: 138.0.7204.169, chrome: {chromedriverVersion: 138.0.7204.183 (e90faf484dd..., userDataDir: C:\Users\Yash\AppData\Local...}, fedcm:accounts: true, goog:chromeOptions: {debuggerAddress: localhost:57373}, networkConnectionEnabled: false, pageLoadStrategy: normal, platformName: windows, proxy: Proxy(), se:cdp: ws://localhost:57373/devtoo..., se:cdpVersion: 138.0.7204.169, setWindowRect: true, strictFileInteractability: false, timeouts: {implicit: 0, pageLoad: 300000, script: 30000}, unhandledPromptBehavior: dismiss and notify, webauthn:extension:credBlob: true, webauthn:extension:largeBlob: true, webauthn:extension:minPinLength: true, webauthn:extension:prf: true, webauthn:virtualAuthenticators: true}
Session ID: 5905d9f036e1201dd9b5682a176092f5]]>
            </message>
            <full-stacktrace>
              <![CDATA[org.openqa.selenium.NoSuchElementException: no such element: Unable to locate element: {"method":"xpath","selector":"//a[@href='/Devotional/16']"}
  (Session info: chrome=138.0.7204.169)
For documentation on this error, please visit: https://www.selenium.dev/documentation/webdriver/troubleshooting/errors#no-such-element-exception
Build info: version: '4.33.0', revision: '2c6aaad03a'
System info: os.name: 'Windows 11', os.arch: 'amd64', os.version: '10.0', java.version: '23.0.1'
Driver info: org.openqa.selenium.chrome.ChromeDriver
Command: [5905d9f036e1201dd9b5682a176092f5, findElement {value=//a[@href='/Devotional/16'], using=xpath}]
Capabilities {acceptInsecureCerts: false, browserName: chrome, browserVersion: 138.0.7204.169, chrome: {chromedriverVersion: 138.0.7204.183 (e90faf484dd..., userDataDir: C:\Users\Yash\AppData\Local...}, fedcm:accounts: true, goog:chromeOptions: {debuggerAddress: localhost:57373}, networkConnectionEnabled: false, pageLoadStrategy: normal, platformName: windows, proxy: Proxy(), se:cdp: ws://localhost:57373/devtoo..., se:cdpVersion: 138.0.7204.169, setWindowRect: true, strictFileInteractability: false, timeouts: {implicit: 0, pageLoad: 300000, script: 30000}, unhandledPromptBehavior: dismiss and notify, webauthn:extension:credBlob: true, webauthn:extension:largeBlob: true, webauthn:extension:minPinLength: true, webauthn:extension:prf: true, webauthn:virtualAuthenticators: true}
Session ID: 5905d9f036e1201dd9b5682a176092f5
at java.base/jdk.internal.reflect.DirectConstructorHandleAccessor.newInstance(DirectConstructorHandleAccessor.java:62)
at java.base/java.lang.reflect.Constructor.newInstanceWithCaller(Constructor.java:501)
at java.base/java.lang.reflect.Constructor.newInstance(Constructor.java:485)
at org.openqa.selenium.remote.ErrorCodec.decode(ErrorCodec.java:167)
at org.openqa.selenium.remote.codec.w3c.W3CHttpResponseCodec.decode(W3CHttpResponseCodec.java:138)
at org.openqa.selenium.remote.codec.w3c.W3CHttpResponseCodec.decode(W3CHttpResponseCodec.java:50)
at org.openqa.selenium.remote.HttpCommandExecutor.execute(HttpCommandExecutor.java:215)
at org.openqa.selenium.remote.service.DriverCommandExecutor.invokeExecute(DriverCommandExecutor.java:216)
at org.openqa.selenium.remote.service.DriverCommandExecutor.execute(DriverCommandExecutor.java:174)
at org.openqa.selenium.remote.RemoteWebDriver.execute(RemoteWebDriver.java:544)
at org.openqa.selenium.remote.ElementLocation$ElementFinder$2.findElement(ElementLocation.java:165)
at org.openqa.selenium.remote.ElementLocation.findElement(ElementLocation.java:59)
at org.openqa.selenium.remote.RemoteWebDriver.findElement(RemoteWebDriver.java:367)
at org.openqa.selenium.remote.RemoteWebDriver.findElement(RemoteWebDriver.java:361)
at Amuzi.LoginTestCase.detailedPageWithoutLoginTest(LoginTestCase.java:134)
at java.base/jdk.internal.reflect.DirectMethodHandleAccessor.invoke(DirectMethodHandleAccessor.java:103)
at java.base/java.lang.reflect.Method.invoke(Method.java:580)
at org.testng.internal.invokers.MethodInvocationHelper.invokeMethod(MethodInvocationHelper.java:141)
at org.testng.internal.invokers.TestInvoker.invokeMethod(TestInvoker.java:687)
at org.testng.internal.invokers.TestInvoker.invokeTestMethod(TestInvoker.java:230)
at org.testng.internal.invokers.MethodRunner.runInSequence(MethodRunner.java:63)
at org.testng.internal.invokers.TestInvoker$MethodInvocationAgent.invoke(TestInvoker.java:995)
at org.testng.internal.invokers.TestInvoker.invokeTestMethods(TestInvoker.java:203)
at org.testng.internal.invokers.TestMethodWorker.invokeTestMethods(TestMethodWorker.java:154)
at org.testng.internal.invokers.TestMethodWorker.run(TestMethodWorker.java:134)
at java.base/java.util.concurrent.Executors$RunnableAdapter.call(Executors.java:572)
at java.base/java.util.concurrent.FutureTask.run(FutureTask.java:317)
at org.testng.internal.thread.graph.TestNGFutureTask.run(TestNGFutureTask.java:22)
at java.base/java.util.concurrent.ThreadPoolExecutor.runWorker(ThreadPoolExecutor.java:1144)
at java.base/java.util.concurrent.ThreadPoolExecutor$Worker.run(ThreadPoolExecutor.java:642)
at java.base/java.lang.Thread.run(Thread.java:1575)
]]>
            </full-stacktrace>
          </exception> <!-- org.openqa.selenium.NoSuchElementException -->
          <reporter-output>
          </reporter-output>
        </test-method> <!-- detailedPageWithoutLoginTest -->
        <test-method is-config="true" signature="teardown()[pri:0, instance:Amuzi.LoginTestCase@233795b6]" started-at="2025-08-11T17:43:05 IST" name="teardown" finished-at="2025-08-11T17:43:06 IST" duration-ms="388" status="PASS">
          <reporter-output>
          </reporter-output>
        </test-method> <!-- teardown -->
      </class> <!-- Amuzi.LoginTestCase -->
    </test> <!-- check Detail page is open without login  -->
    <test started-at="2025-08-11T17:43:06 IST" name="Validate Without login subscription button validate " finished-at="2025-08-11T17:43:12 IST" duration-ms="6162">
      <class name="Amuzi.LoginTestCase">
        <test-method is-config="true" signature="setup()[pri:0, instance:Amuzi.LoginTestCase@1e800aaa]" started-at="2025-08-11T17:43:06 IST" name="setup" finished-at="2025-08-11T17:43:11 IST" duration-ms="5117" status="PASS">
          <reporter-output>
          </reporter-output>
        </test-method> <!-- setup -->
        <test-method signature="withoutLoginSubscriptionButtonisVisible()[pri:0, instance:Amuzi.LoginTestCase@1e800aaa]" started-at="2025-08-11T17:43:11 IST" name="withoutLoginSubscriptionButtonisVisible" finished-at="2025-08-11T17:43:11 IST" duration-ms="718" status="PASS">
          <reporter-output>
          </reporter-output>
        </test-method> <!-- withoutLoginSubscriptionButtonisVisible -->
        <test-method is-config="true" signature="teardown()[pri:0, instance:Amuzi.LoginTestCase@1e800aaa]" started-at="2025-08-11T17:43:11 IST" name="teardown" finished-at="2025-08-11T17:43:12 IST" duration-ms="325" status="PASS">
          <reporter-output>
          </reporter-output>
        </test-method> <!-- teardown -->
      </class> <!-- Amuzi.LoginTestCase -->
    </test> <!-- Validate Without login subscription button validate  -->
    <test started-at="2025-08-11T17:43:12 IST" name="Verify the url" finished-at="2025-08-11T17:43:15 IST" duration-ms="3187">
      <class name="Amuzi.CommonTestCase">
        <test-method is-config="true" signature="setup()[pri:0, instance:Amuzi.CommonTestCase@367ffa75]" started-at="2025-08-11T17:43:12 IST" name="setup" finished-at="2025-08-11T17:43:15 IST" duration-ms="2816" status="PASS">
          <reporter-output>
          </reporter-output>
        </test-method> <!-- setup -->
        <test-method signature="verifyCurrentUrlTest()[pri:0, instance:Amuzi.CommonTestCase@367ffa75]" started-at="2025-08-11T17:43:15 IST" name="verifyCurrentUrlTest" finished-at="2025-08-11T17:43:15 IST" duration-ms="29" status="PASS">
          <reporter-output>
          </reporter-output>
        </test-method> <!-- verifyCurrentUrlTest -->
        <test-method is-config="true" signature="teardown()[pri:0, instance:Amuzi.CommonTestCase@367ffa75]" started-at="2025-08-11T17:43:15 IST" name="teardown" finished-at="2025-08-11T17:43:15 IST" duration-ms="339" status="PASS">
          <reporter-output>
          </reporter-output>
        </test-method> <!-- teardown -->
      </class> <!-- Amuzi.CommonTestCase -->
    </test> <!-- Verify the url -->
    <test started-at="2025-08-11T17:43:15 IST" name="Verify the url of Amuzi" finished-at="2025-08-11T17:43:19 IST" duration-ms="4149">
      <class name="Amuzi.CommonTestCase">
        <test-method is-config="true" signature="setup()[pri:0, instance:Amuzi.CommonTestCase@1c1bbc4e]" started-at="2025-08-11T17:43:15 IST" name="setup" finished-at="2025-08-11T17:43:19 IST" duration-ms="3777" status="PASS">
          <reporter-output>
          </reporter-output>
        </test-method> <!-- setup -->
        <test-method signature="verifyurl()[pri:0, instance:Amuzi.CommonTestCase@1c1bbc4e]" started-at="2025-08-11T17:43:19 IST" name="verifyurl" finished-at="2025-08-11T17:43:19 IST" duration-ms="30" status="FAIL">
          <exception class="java.lang.AssertionError">
            <message>
              <![CDATA[Passed expected [https://chull.tv/] but found [https://amuzi.in/]]]>
            </message>
            <full-stacktrace>
              <![CDATA[java.lang.AssertionError: Passed expected [https://chull.tv/] but found [https://amuzi.in/]
at org.testng.Assert.fail(Assert.java:111)
at org.testng.Assert.failNotEquals(Assert.java:1590)
at org.testng.Assert.assertEqualsImpl(Assert.java:150)
at org.testng.Assert.assertEquals(Assert.java:132)
at org.testng.Assert.assertEquals(Assert.java:656)
at Amuzi.CommonTestCase.verifyurl(CommonTestCase.java:38)
at java.base/jdk.internal.reflect.DirectMethodHandleAccessor.invoke(DirectMethodHandleAccessor.java:103)
at java.base/java.lang.reflect.Method.invoke(Method.java:580)
at org.testng.internal.invokers.MethodInvocationHelper.invokeMethod(MethodInvocationHelper.java:141)
at org.testng.internal.invokers.TestInvoker.invokeMethod(TestInvoker.java:687)
at org.testng.internal.invokers.TestInvoker.invokeTestMethod(TestInvoker.java:230)
at org.testng.internal.invokers.MethodRunner.runInSequence(MethodRunner.java:63)
at org.testng.internal.invokers.TestInvoker$MethodInvocationAgent.invoke(TestInvoker.java:995)
at org.testng.internal.invokers.TestInvoker.invokeTestMethods(TestInvoker.java:203)
at org.testng.internal.invokers.TestMethodWorker.invokeTestMethods(TestMethodWorker.java:154)
at org.testng.internal.invokers.TestMethodWorker.run(TestMethodWorker.java:134)
at java.base/java.util.concurrent.Executors$RunnableAdapter.call(Executors.java:572)
at java.base/java.util.concurrent.FutureTask.run(FutureTask.java:317)
at org.testng.internal.thread.graph.TestNGFutureTask.run(TestNGFutureTask.java:22)
at java.base/java.util.concurrent.ThreadPoolExecutor.runWorker(ThreadPoolExecutor.java:1144)
at java.base/java.util.concurrent.ThreadPoolExecutor$Worker.run(ThreadPoolExecutor.java:642)
at java.base/java.lang.Thread.run(Thread.java:1575)
]]>
            </full-stacktrace>
          </exception> <!-- java.lang.AssertionError -->
          <reporter-output>
          </reporter-output>
        </test-method> <!-- verifyurl -->
        <test-method is-config="true" signature="teardown()[pri:0, instance:Amuzi.CommonTestCase@1c1bbc4e]" started-at="2025-08-11T17:43:19 IST" name="teardown" finished-at="2025-08-11T17:43:19 IST" duration-ms="341" status="PASS">
          <reporter-output>
          </reporter-output>
        </test-method> <!-- teardown -->
      </class> <!-- Amuzi.CommonTestCase -->
    </test> <!-- Verify the url of Amuzi -->
    <test started-at="2025-08-11T17:43:19 IST" name="Count Total Number of video in HomePage" finished-at="2025-08-11T17:43:38 IST" duration-ms="19225">
      <class name="Amuzi.CommonTestCase">
        <test-method is-config="true" signature="setup()[pri:0, instance:Amuzi.CommonTestCase@1ce24091]" started-at="2025-08-11T17:43:19 IST" name="setup" finished-at="2025-08-11T17:43:28 IST" duration-ms="8728" status="PASS">
          <reporter-output>
          </reporter-output>
        </test-method> <!-- setup -->
        <test-method signature="countTotalVideosWithNames()[pri:0, instance:Amuzi.CommonTestCase@1ce24091]" started-at="2025-08-11T17:43:28 IST" name="countTotalVideosWithNames" finished-at="2025-08-11T17:43:38 IST" duration-ms="10054" status="PASS">
          <reporter-output>
          </reporter-output>
        </test-method> <!-- countTotalVideosWithNames -->
        <test-method is-config="true" signature="teardown()[pri:0, instance:Amuzi.CommonTestCase@1ce24091]" started-at="2025-08-11T17:43:38 IST" name="teardown" finished-at="2025-08-11T17:43:38 IST" duration-ms="440" status="PASS">
          <reporter-output>
          </reporter-output>
        </test-method> <!-- teardown -->
      </class> <!-- Amuzi.CommonTestCase -->
    </test> <!-- Count Total Number of video in HomePage -->
    <test started-at="2025-08-11T17:43:38 IST" name="Verify the Tage name match or not" finished-at="2025-08-11T17:43:43 IST" duration-ms="4229">
      <class name="Amuzi.CommonTestCase">
        <test-method is-config="true" signature="setup()[pri:0, instance:Amuzi.CommonTestCase@24269709]" started-at="2025-08-11T17:43:38 IST" name="setup" finished-at="2025-08-11T17:43:42 IST" duration-ms="3861" status="PASS">
          <reporter-output>
          </reporter-output>
        </test-method> <!-- setup -->
        <test-method signature="checkTagname()[pri:0, instance:Amuzi.CommonTestCase@24269709]" started-at="2025-08-11T17:43:42 IST" name="checkTagname" finished-at="2025-08-11T17:43:42 IST" duration-ms="22" status="PASS">
          <reporter-output>
          </reporter-output>
        </test-method> <!-- checkTagname -->
        <test-method is-config="true" signature="teardown()[pri:0, instance:Amuzi.CommonTestCase@24269709]" started-at="2025-08-11T17:43:42 IST" name="teardown" finished-at="2025-08-11T17:43:43 IST" duration-ms="341" status="PASS">
          <reporter-output>
          </reporter-output>
        </test-method> <!-- teardown -->
      </class> <!-- Amuzi.CommonTestCase -->
    </test> <!-- Verify the Tage name match or not -->
    <test started-at="2025-08-11T17:43:43 IST" name="Verify Banner is visible proper" finished-at="2025-08-11T17:44:01 IST" duration-ms="18723">
      <class name="Amuzi.CommonTestCase">
        <test-method is-config="true" signature="setup()[pri:0, instance:Amuzi.CommonTestCase@3a52dba3]" started-at="2025-08-11T17:43:43 IST" name="setup" finished-at="2025-08-11T17:43:49 IST" duration-ms="6874" status="PASS">
          <reporter-output>
          </reporter-output>
        </test-method> <!-- setup -->
        <test-method signature="Banner_is_visible()[pri:0, instance:Amuzi.CommonTestCase@3a52dba3]" started-at="2025-08-11T17:43:49 IST" name="Banner_is_visible" finished-at="2025-08-11T17:44:01 IST" duration-ms="11446" status="PASS">
          <reporter-output>
          </reporter-output>
        </test-method> <!-- Banner_is_visible -->
        <test-method is-config="true" signature="teardown()[pri:0, instance:Amuzi.CommonTestCase@3a52dba3]" started-at="2025-08-11T17:44:01 IST" name="teardown" finished-at="2025-08-11T17:44:01 IST" duration-ms="397" status="PASS">
          <reporter-output>
          </reporter-output>
        </test-method> <!-- teardown -->
      </class> <!-- Amuzi.CommonTestCase -->
    </test> <!-- Verify Banner is visible proper -->
    <test started-at="2025-08-11T17:44:01 IST" name="Verify Filter Button is working properly or not" finished-at="2025-08-11T17:44:06 IST" duration-ms="4647">
      <class name="Amuzi.CommonTestCase">
        <test-method is-config="true" signature="setup()[pri:0, instance:Amuzi.CommonTestCase@279fedbd]" started-at="2025-08-11T17:44:01 IST" name="setup" finished-at="2025-08-11T17:44:06 IST" duration-ms="4298" status="PASS">
          <reporter-output>
          </reporter-output>
        </test-method> <!-- setup -->
        <test-method signature="filterButtonClickTest()[pri:0, instance:Amuzi.CommonTestCase@279fedbd]" started-at="2025-08-11T17:44:06 IST" name="filterButtonClickTest" finished-at="2025-08-11T17:44:06 IST" duration-ms="13" status="FAIL">
          <exception class="org.openqa.selenium.JavascriptException">
            <message>
              <![CDATA[javascript error: Cannot read properties of null (reading 'scrollBy')
  (Session info: chrome=138.0.7204.169)
Build info: version: '4.33.0', revision: '2c6aaad03a'
System info: os.name: 'Windows 11', os.arch: 'amd64', os.version: '10.0', java.version: '23.0.1'
Driver info: org.openqa.selenium.chrome.ChromeDriver
Command: [5e099233d335623b4e38d6840e3bed04, executeScript {script=document.querySelector('.dropdown-menu').scrollBy(0,100), args=[]}]
Capabilities {acceptInsecureCerts: false, browserName: chrome, browserVersion: 138.0.7204.169, chrome: {chromedriverVersion: 138.0.7204.183 (e90faf484dd..., userDataDir: C:\Users\Yash\AppData\Local...}, fedcm:accounts: true, goog:chromeOptions: {debuggerAddress: localhost:57700}, networkConnectionEnabled: false, pageLoadStrategy: normal, platformName: windows, proxy: Proxy(), se:cdp: ws://localhost:57700/devtoo..., se:cdpVersion: 138.0.7204.169, setWindowRect: true, strictFileInteractability: false, timeouts: {implicit: 0, pageLoad: 300000, script: 30000}, unhandledPromptBehavior: dismiss and notify, webauthn:extension:credBlob: true, webauthn:extension:largeBlob: true, webauthn:extension:minPinLength: true, webauthn:extension:prf: true, webauthn:virtualAuthenticators: true}
Session ID: 5e099233d335623b4e38d6840e3bed04]]>
            </message>
            <full-stacktrace>
              <![CDATA[org.openqa.selenium.JavascriptException: javascript error: Cannot read properties of null (reading 'scrollBy')
  (Session info: chrome=138.0.7204.169)
Build info: version: '4.33.0', revision: '2c6aaad03a'
System info: os.name: 'Windows 11', os.arch: 'amd64', os.version: '10.0', java.version: '23.0.1'
Driver info: org.openqa.selenium.chrome.ChromeDriver
Command: [5e099233d335623b4e38d6840e3bed04, executeScript {script=document.querySelector('.dropdown-menu').scrollBy(0,100), args=[]}]
Capabilities {acceptInsecureCerts: false, browserName: chrome, browserVersion: 138.0.7204.169, chrome: {chromedriverVersion: 138.0.7204.183 (e90faf484dd..., userDataDir: C:\Users\Yash\AppData\Local...}, fedcm:accounts: true, goog:chromeOptions: {debuggerAddress: localhost:57700}, networkConnectionEnabled: false, pageLoadStrategy: normal, platformName: windows, proxy: Proxy(), se:cdp: ws://localhost:57700/devtoo..., se:cdpVersion: 138.0.7204.169, setWindowRect: true, strictFileInteractability: false, timeouts: {implicit: 0, pageLoad: 300000, script: 30000}, unhandledPromptBehavior: dismiss and notify, webauthn:extension:credBlob: true, webauthn:extension:largeBlob: true, webauthn:extension:minPinLength: true, webauthn:extension:prf: true, webauthn:virtualAuthenticators: true}
Session ID: 5e099233d335623b4e38d6840e3bed04
at java.base/jdk.internal.reflect.DirectConstructorHandleAccessor.newInstance(DirectConstructorHandleAccessor.java:62)
at java.base/java.lang.reflect.Constructor.newInstanceWithCaller(Constructor.java:501)
at java.base/java.lang.reflect.Constructor.newInstance(Constructor.java:485)
at org.openqa.selenium.remote.ErrorCodec.decode(ErrorCodec.java:167)
at org.openqa.selenium.remote.codec.w3c.W3CHttpResponseCodec.decode(W3CHttpResponseCodec.java:138)
at org.openqa.selenium.remote.codec.w3c.W3CHttpResponseCodec.decode(W3CHttpResponseCodec.java:50)
at org.openqa.selenium.remote.HttpCommandExecutor.execute(HttpCommandExecutor.java:215)
at org.openqa.selenium.remote.service.DriverCommandExecutor.invokeExecute(DriverCommandExecutor.java:216)
at org.openqa.selenium.remote.service.DriverCommandExecutor.execute(DriverCommandExecutor.java:174)
at org.openqa.selenium.remote.RemoteWebDriver.execute(RemoteWebDriver.java:544)
at org.openqa.selenium.remote.RemoteWebDriver.executeScript(RemoteWebDriver.java:475)
at Amuzi.CommonTestCase.filterButtonClickTest(CommonTestCase.java:110)
at java.base/jdk.internal.reflect.DirectMethodHandleAccessor.invoke(DirectMethodHandleAccessor.java:103)
at java.base/java.lang.reflect.Method.invoke(Method.java:580)
at org.testng.internal.invokers.MethodInvocationHelper.invokeMethod(MethodInvocationHelper.java:141)
at org.testng.internal.invokers.TestInvoker.invokeMethod(TestInvoker.java:687)
at org.testng.internal.invokers.TestInvoker.invokeTestMethod(TestInvoker.java:230)
at org.testng.internal.invokers.MethodRunner.runInSequence(MethodRunner.java:63)
at org.testng.internal.invokers.TestInvoker$MethodInvocationAgent.invoke(TestInvoker.java:995)
at org.testng.internal.invokers.TestInvoker.invokeTestMethods(TestInvoker.java:203)
at org.testng.internal.invokers.TestMethodWorker.invokeTestMethods(TestMethodWorker.java:154)
at org.testng.internal.invokers.TestMethodWorker.run(TestMethodWorker.java:134)
at java.base/java.util.concurrent.Executors$RunnableAdapter.call(Executors.java:572)
at java.base/java.util.concurrent.FutureTask.run(FutureTask.java:317)
at org.testng.internal.thread.graph.TestNGFutureTask.run(TestNGFutureTask.java:22)
at java.base/java.util.concurrent.ThreadPoolExecutor.runWorker(ThreadPoolExecutor.java:1144)
at java.base/java.util.concurrent.ThreadPoolExecutor$Worker.run(ThreadPoolExecutor.java:642)
at java.base/java.lang.Thread.run(Thread.java:1575)
]]>
            </full-stacktrace>
          </exception> <!-- org.openqa.selenium.JavascriptException -->
          <reporter-output>
          </reporter-output>
        </test-method> <!-- filterButtonClickTest -->
        <test-method is-config="true" signature="teardown()[pri:0, instance:Amuzi.CommonTestCase@279fedbd]" started-at="2025-08-11T17:44:06 IST" name="teardown" finished-at="2025-08-11T17:44:06 IST" duration-ms="334" status="PASS">
          <reporter-output>
          </reporter-output>
        </test-method> <!-- teardown -->
      </class> <!-- Amuzi.CommonTestCase -->
    </test> <!-- Verify Filter Button is working properly or not -->
    <test started-at="2025-08-11T17:44:06 IST" name="Check Language Button filter out the videos" finished-at="2025-08-11T17:44:31 IST" duration-ms="24747">
      <class name="Amuzi.CommonTestCase">
        <test-method is-config="true" signature="setup()[pri:0, instance:Amuzi.CommonTestCase@2925bf5b]" started-at="2025-08-11T17:44:06 IST" name="setup" finished-at="2025-08-11T17:44:09 IST" duration-ms="2851" status="PASS">
          <reporter-output>
          </reporter-output>
        </test-method> <!-- setup -->
        <test-method signature="LanguageButton()[pri:0, instance:Amuzi.CommonTestCase@2925bf5b]" started-at="2025-08-11T17:44:09 IST" name="LanguageButton" finished-at="2025-08-11T17:44:30 IST" duration-ms="21491" status="PASS">
          <reporter-output>
          </reporter-output>
        </test-method> <!-- LanguageButton -->
        <test-method is-config="true" signature="teardown()[pri:0, instance:Amuzi.CommonTestCase@2925bf5b]" started-at="2025-08-11T17:44:30 IST" name="teardown" finished-at="2025-08-11T17:44:31 IST" duration-ms="402" status="PASS">
          <reporter-output>
          </reporter-output>
        </test-method> <!-- teardown -->
      </class> <!-- Amuzi.CommonTestCase -->
    </test> <!-- Check Language Button filter out the videos -->
  </suite> <!-- Suite -->
</testng-results>
