<?xml version="1.0" encoding="UTF-8"?>
<testng-results ignored="26" total="27" passed="1" failed="0" skipped="0">
  <reporter-output>
  </reporter-output>
  <suite started-at="2025-08-04T18:30:32 IST" name="Default suite" finished-at="2025-08-04T18:30:38 IST" duration-ms="5885">
    <groups>
    </groups>
    <test started-at="2025-08-04T18:30:32 IST" name="Default test" finished-at="2025-08-04T18:30:38 IST" duration-ms="5885">
      <class name="Chull.TestCase">
        <test-method is-config="true" signature="setup()[pri:0, instance:Chull.TestCase@38cee291]" started-at="2025-08-04T18:30:32 IST" name="setup" finished-at="2025-08-04T18:30:38 IST" duration-ms="5375" status="PASS">
          <reporter-output>
          </reporter-output>
        </test-method> <!-- setup -->
        <test-method signature="verifyurl()[pri:0, instance:Chull.TestCase@38cee291]" started-at="2025-08-04T18:30:38 IST" name="verifyurl" finished-at="2025-08-04T18:30:38 IST" duration-ms="47" status="PASS">
          <reporter-output>
          </reporter-output>
        </test-method> <!-- verifyurl -->
        <test-method is-config="true" signature="teardown()[pri:0, instance:Chull.TestCase@38cee291]" started-at="2025-08-04T18:30:38 IST" name="teardown" finished-at="2025-08-04T18:30:38 IST" duration-ms="422" status="PASS">
          <reporter-output>
          </reporter-output>
        </test-method> <!-- teardown -->
      </class> <!-- Chull.TestCase -->
    </test> <!-- Default test -->
  </suite> <!-- Default suite -->
</testng-results>
