<?xml version="1.0" encoding="UTF-8"?>
<testng-results ignored="10" total="11" passed="0" failed="1" skipped="0">
  <reporter-output>
  </reporter-output>
  <suite started-at="2025-08-12T16:48:31 IST" name="Default suite" finished-at="2025-08-12T16:49:18 IST" duration-ms="46821">
    <groups>
    </groups>
    <test started-at="2025-08-12T16:48:31 IST" name="Default test" finished-at="2025-08-12T16:49:18 IST" duration-ms="46821">
      <class name="Amuzi.PlayerTestCase">
        <test-method is-config="true" signature="setup()[pri:0, instance:Amuzi.PlayerTestCase@65c7a252]" started-at="2025-08-12T16:48:31 IST" name="setup" finished-at="2025-08-12T16:48:36 IST" duration-ms="5102" status="PASS">
          <reporter-output>
          </reporter-output>
        </test-method> <!-- setup -->
        <test-method signature="checkRelatedvideo()[pri:0, instance:Amuzi.PlayerTestCase@65c7a252]" started-at="2025-08-12T16:48:36 IST" name="checkRelatedvideo" finished-at="2025-08-12T16:49:18 IST" duration-ms="41175" status="FAIL">
          <exception class="org.openqa.selenium.ElementClickInterceptedException">
            <message>
              <![CDATA[element click intercepted: Element <img src="https://ottimages.b-cdn.net/ottsnap/images/video/CwofL2O50CwtbMLBy8CE3yQgzmSYOFwM7gE5iGad.jpg?width=250&amp;quality=100" class="img-top" alt="..." loading="lazy" style="height: 230px;"> is not clickable at point (164, 67). Other element would receive the click: <ul class="menu-bar-ul">...</ul>
  (Session info: chrome=138.0.7204.169)
Build info: version: '4.33.0', revision: '2c6aaad03a'
System info: os.name: 'Windows 11', os.arch: 'amd64', os.version: '10.0', java.version: '22.0.2'
Driver info: org.openqa.selenium.chrome.ChromeDriver
Command: [6329ee40729554ba36c00eed6311cdfa, clickElement {id=f.5F19ECBE8DADF34107529EBF86D2F659.d.73E98C35296C33205E39DB2190BB1AD7.e.83}]
Capabilities {acceptInsecureCerts: false, browserName: chrome, browserVersion: 138.0.7204.169, chrome: {chromedriverVersion: 138.0.7204.183 (e90faf484dd..., userDataDir: C:\Users\Yash\AppData\Local...}, fedcm:accounts: true, goog:chromeOptions: {debuggerAddress: localhost:54456}, networkConnectionEnabled: false, pageLoadStrategy: normal, platformName: windows, proxy: Proxy(), se:cdp: ws://localhost:54456/devtoo..., se:cdpVersion: 138.0.7204.169, setWindowRect: true, strictFileInteractability: false, timeouts: {implicit: 0, pageLoad: 300000, script: 30000}, unhandledPromptBehavior: dismiss and notify, webauthn:extension:credBlob: true, webauthn:extension:largeBlob: true, webauthn:extension:minPinLength: true, webauthn:extension:prf: true, webauthn:virtualAuthenticators: true}
Element: [[ChromeDriver: chrome on windows (6329ee40729554ba36c00eed6311cdfa)] -> xpath: (//img[@class='img-top'])[1]]
Session ID: 6329ee40729554ba36c00eed6311cdfa]]>
            </message>
            <full-stacktrace>
              <![CDATA[org.openqa.selenium.ElementClickInterceptedException: element click intercepted: Element <img src="https://ottimages.b-cdn.net/ottsnap/images/video/CwofL2O50CwtbMLBy8CE3yQgzmSYOFwM7gE5iGad.jpg?width=250&amp;quality=100" class="img-top" alt="..." loading="lazy" style="height: 230px;"> is not clickable at point (164, 67). Other element would receive the click: <ul class="menu-bar-ul">...</ul>
  (Session info: chrome=138.0.7204.169)
Build info: version: '4.33.0', revision: '2c6aaad03a'
System info: os.name: 'Windows 11', os.arch: 'amd64', os.version: '10.0', java.version: '22.0.2'
Driver info: org.openqa.selenium.chrome.ChromeDriver
Command: [6329ee40729554ba36c00eed6311cdfa, clickElement {id=f.5F19ECBE8DADF34107529EBF86D2F659.d.73E98C35296C33205E39DB2190BB1AD7.e.83}]
Capabilities {acceptInsecureCerts: false, browserName: chrome, browserVersion: 138.0.7204.169, chrome: {chromedriverVersion: 138.0.7204.183 (e90faf484dd..., userDataDir: C:\Users\Yash\AppData\Local...}, fedcm:accounts: true, goog:chromeOptions: {debuggerAddress: localhost:54456}, networkConnectionEnabled: false, pageLoadStrategy: normal, platformName: windows, proxy: Proxy(), se:cdp: ws://localhost:54456/devtoo..., se:cdpVersion: 138.0.7204.169, setWindowRect: true, strictFileInteractability: false, timeouts: {implicit: 0, pageLoad: 300000, script: 30000}, unhandledPromptBehavior: dismiss and notify, webauthn:extension:credBlob: true, webauthn:extension:largeBlob: true, webauthn:extension:minPinLength: true, webauthn:extension:prf: true, webauthn:virtualAuthenticators: true}
Element: [[ChromeDriver: chrome on windows (6329ee40729554ba36c00eed6311cdfa)] -> xpath: (//img[@class='img-top'])[1]]
Session ID: 6329ee40729554ba36c00eed6311cdfa
at java.base/jdk.internal.reflect.DirectConstructorHandleAccessor.newInstance(DirectConstructorHandleAccessor.java:62)
at java.base/java.lang.reflect.Constructor.newInstanceWithCaller(Constructor.java:502)
at java.base/java.lang.reflect.Constructor.newInstance(Constructor.java:486)
at org.openqa.selenium.remote.ErrorCodec.decode(ErrorCodec.java:167)
at org.openqa.selenium.remote.codec.w3c.W3CHttpResponseCodec.decode(W3CHttpResponseCodec.java:138)
at org.openqa.selenium.remote.codec.w3c.W3CHttpResponseCodec.decode(W3CHttpResponseCodec.java:50)
at org.openqa.selenium.remote.HttpCommandExecutor.execute(HttpCommandExecutor.java:215)
at org.openqa.selenium.remote.service.DriverCommandExecutor.invokeExecute(DriverCommandExecutor.java:216)
at org.openqa.selenium.remote.service.DriverCommandExecutor.execute(DriverCommandExecutor.java:174)
at org.openqa.selenium.remote.RemoteWebDriver.execute(RemoteWebDriver.java:544)
at org.openqa.selenium.remote.RemoteWebElement.execute(RemoteWebElement.java:223)
at org.openqa.selenium.remote.RemoteWebElement.click(RemoteWebElement.java:76)
at Amuzi.PlayerTestCase.checkRelatedvideo(PlayerTestCase.java:173)
at java.base/jdk.internal.reflect.DirectMethodHandleAccessor.invoke(DirectMethodHandleAccessor.java:103)
at java.base/java.lang.reflect.Method.invoke(Method.java:580)
at org.testng.internal.MethodInvocationHelper.invokeMethod(MethodInvocationHelper.java:133)
at org.testng.internal.TestInvoker.invokeMethod(TestInvoker.java:598)
at org.testng.internal.TestInvoker.invokeTestMethod(TestInvoker.java:173)
at org.testng.internal.MethodRunner.runInSequence(MethodRunner.java:46)
at org.testng.internal.TestInvoker$MethodInvocationAgent.invoke(TestInvoker.java:824)
at org.testng.internal.TestInvoker.invokeTestMethods(TestInvoker.java:146)
at org.testng.internal.TestMethodWorker.invokeTestMethods(TestMethodWorker.java:146)
at org.testng.internal.TestMethodWorker.run(TestMethodWorker.java:128)
at java.base/java.util.ArrayList.forEach(ArrayList.java:1597)
at org.testng.TestRunner.privateRun(TestRunner.java:794)
at org.testng.TestRunner.run(TestRunner.java:596)
at org.testng.SuiteRunner.runTest(SuiteRunner.java:377)
at org.testng.SuiteRunner.runSequentially(SuiteRunner.java:371)
at org.testng.SuiteRunner.privateRun(SuiteRunner.java:332)
at org.testng.SuiteRunner.run(SuiteRunner.java:276)
at org.testng.SuiteRunnerWorker.runSuite(SuiteRunnerWorker.java:53)
at org.testng.SuiteRunnerWorker.run(SuiteRunnerWorker.java:96)
at org.testng.TestNG.runSuitesSequentially(TestNG.java:1212)
at org.testng.TestNG.runSuitesLocally(TestNG.java:1134)
at org.testng.TestNG.runSuites(TestNG.java:1063)
at org.testng.TestNG.run(TestNG.java:1031)
at org.testng.remote.AbstractRemoteTestNG.run(AbstractRemoteTestNG.java:115)
at org.testng.remote.RemoteTestNG.initAndRun(RemoteTestNG.java:293)
at org.testng.remote.RemoteTestNG.main(RemoteTestNG.java:91)
]]>
            </full-stacktrace>
          </exception> <!-- org.openqa.selenium.ElementClickInterceptedException -->
          <reporter-output>
          </reporter-output>
        </test-method> <!-- checkRelatedvideo -->
        <test-method is-config="true" signature="teardown()[pri:0, instance:Amuzi.PlayerTestCase@65c7a252]" started-at="2025-08-12T16:49:18 IST" name="teardown" finished-at="2025-08-12T16:49:18 IST" duration-ms="495" status="PASS">
          <reporter-output>
          </reporter-output>
        </test-method> <!-- teardown -->
      </class> <!-- Amuzi.PlayerTestCase -->
    </test> <!-- Default test -->
  </suite> <!-- Default suite -->
</testng-results>
